[2m2026-03-02T00:00:45.636002Z[0m [32m INFO[0m [2marc_node[0m[2m:[0m ╔═══════════════════════════════════════╗
[2m2026-03-02T00:00:45.636049Z[0m [32m INFO[0m [2marc_node[0m[2m:[0m ║   ARC Chain — Agent Runtime Chain     ║
[2m2026-03-02T00:00:45.636056Z[0m [32m INFO[0m [2marc_node[0m[2m:[0m ║   Testnet Node v0.1.0                 ║
[2m2026-03-02T00:00:45.636061Z[0m [32m INFO[0m [2marc_node[0m[2m:[0m ╚═══════════════════════════════════════╝
[2m2026-03-02T00:00:45.636065Z[0m [32m INFO[0m [2marc_node[0m[2m:[0m Validator  : 0x49d2e0c18971154549e9f2da00ff2f56038db57b72689bc35a0889283ea20d5a
[2m2026-03-02T00:00:45.636074Z[0m [32m INFO[0m [2marc_node[0m[2m:[0m Seed       : arc-soak-validator-1
[2m2026-03-02T00:00:45.636078Z[0m [32m INFO[0m [2marc_node[0m[2m:[0m Stake      : 50000000 ARC (Core)
[2m2026-03-02T00:00:45.636082Z[0m [32m INFO[0m [2marc_node[0m[2m:[0m RPC        : 127.0.0.1:9091
[2m2026-03-02T00:00:45.636085Z[0m [32m INFO[0m [2marc_node[0m[2m:[0m P2P port   : 9101
[2m2026-03-02T00:00:45.636088Z[0m [32m INFO[0m [2marc_node[0m[2m:[0m Data dir   : ./arc-data
[2m2026-03-02T00:00:45.636092Z[0m [32m INFO[0m [2marc_node[0m[2m:[0m Peers      : ["127.0.0.1:9100", "127.0.0.1:9102"]
[2m2026-03-02T00:00:45.637534Z[0m [32m INFO[0m [2marc_state[0m[2m:[0m Benchmark indexer started (4 threads)
[2m2026-03-02T00:00:45.637633Z[0m [32m INFO[0m [2marc_net::transport[0m[2m:[0m P2P transport listening on 0.0.0.0:9101
[2m2026-03-02T00:00:45.637645Z[0m [32m INFO[0m [2marc_net::transport[0m[2m:[0m Dialing bootstrap peer 127.0.0.1:9100
[2m2026-03-02T00:00:45.638341Z[0m [32m INFO[0m [2marc_node::benchmark[0m[2m:[0m Benchmark signing pool started [3mthreads[0m[2m=[0m2 [3msenders[0m[2m=[0m"10-19" [3mbatch_size[0m[2m=[0m10000
[2m2026-03-02T00:00:45.638351Z[0m [32m INFO[0m [2marc_node[0m[2m:[0m Benchmark mode ACTIVE — ed25519 signed txs, senders 10-19, async indexing
[2m2026-03-02T00:00:45.638354Z[0m [32m INFO[0m [2marc_consensus[0m[2m:[0m ConsensusEngine initialized with signing keypair [3mepoch[0m[2m=[0m0 [3mvalidators[0m[2m=[0m1 [3mtotal_stake[0m[2m=[0m50000000 [3mquorum[0m[2m=[0m33333334
[2m2026-03-02T00:00:45.638361Z[0m [32m INFO[0m [2marc_node::consensus[0m[2m:[0m ConsensusManager initialized (signed block mode) [3maddress[0m[2m=[0m0x49d2e0c18971154549e9f2da00ff2f56038db57b72689bc35a0889283ea20d5a [3mstake[0m[2m=[0m50000000 [3mtier[0m[2m=[0mCore [3mshards[0m[2m=[0m4
[2m2026-03-02T00:00:45.638367Z[0m [32m INFO[0m [2marc_node[0m[2m:[0m ETH RPC    : 0.0.0.0:8546 (MetaMask/Hardhat/Foundry)
[2m2026-03-02T00:00:45.638370Z[0m [32m INFO[0m [2marc_node[0m[2m:[0m RPC server listening on 127.0.0.1:9091
[2m2026-03-02T00:00:45.638377Z[0m [32m INFO[0m [2marc_node::consensus[0m[2m:[0m Consensus loop started [3mtier[0m[2m=[0mCore [3maddress[0m[2m=[0m0x49d2e0c18971154549e9f2da00ff2f56038db57b72689bc35a0889283ea20d5a [3mmulti_validator[0m[2m=[0mfalse [3mvalidators[0m[2m=[0m1
[2m2026-03-02T00:00:45.650560Z[0m [32m INFO[0m [2marc_consensus[0m[2m:[0m Advanced to new round [3mold_round[0m[2m=[0m0 [3mnew_round[0m[2m=[0m1 [3mblocks[0m[2m=[0m1 [3mstake[0m[2m=[0m50000000
[2m2026-03-02T00:00:45.662675Z[0m [32m INFO[0m [2marc_consensus[0m[2m:[0m Advanced to new round [3mold_round[0m[2m=[0m1 [3mnew_round[0m[2m=[0m2 [3mblocks[0m[2m=[0m1 [3mstake[0m[2m=[0m50000000
[2m2026-03-02T00:00:45.674542Z[0m [32m INFO[0m [2marc_consensus[0m[2m:[0m Advanced to new round [3mold_round[0m[2m=[0m2 [3mnew_round[0m[2m=[0m3 [3mblocks[0m[2m=[0m1 [3mstake[0m[2m=[0m50000000
[2m2026-03-02T00:00:45.674578Z[0m [32m INFO[0m [2marc_consensus[0m[2m:[0m Block committed via two-round rule [3mround[0m[2m=[0m0 [3mhash[0m[2m=[0m0xb4944bc9a392099339b6de89e31caefa4ab81a05b8f1d337f2ad541a3962b63e
[2m2026-03-02T00:00:45.674615Z[0m [32m INFO[0m [2marc_node::consensus[0m[2m:[0m DAG block committed [3mround[0m[2m=[0m0 [3mhash[0m[2m=[0m0xb4944bc9a392099339b6de89e31caefa4ab81a05b8f1d337f2ad541a3962b63e [3mtxs[0m[2m=[0m0
[2m2026-03-02T00:00:45.686720Z[0m [32m INFO[0m [2marc_consensus[0m[2m:[0m Advanced to new round [3mold_round[0m[2m=[0m3 [3mnew_round[0m[2m=[0m4 [3mblocks[0m[2m=[0m1 [3mstake[0m[2m=[0m50000000
[2m2026-03-02T00:00:45.686744Z[0m [32m INFO[0m [2marc_consensus[0m[2m:[0m Block committed via two-round rule [3mround[0m[2m=[0m1 [3mhash[0m[2m=[0m0x4d9bd37c14c63d8a735a14d61a6b0ae6046632b1782c68ba849675408b1a5b7e
[2m2026-03-02T00:00:45.686752Z[0m [32m INFO[0m [2marc_node::consensus[0m[2m:[0m DAG block committed [3mround[0m[2m=[0m1 [3mhash[0m[2m=[0m0x4d9bd37c14c63d8a735a14d61a6b0ae6046632b1782c68ba849675408b1a5b7e [3mtxs[0m[2m=[0m0
[2m2026-03-02T00:00:45.698901Z[0m [32m INFO[0m [2marc_consensus[0m[2m:[0m Advanced to new round [3mold_round[0m[2m=[0m4 [3mnew_round[0m[2m=[0m5 [3mblocks[0m[2m=[0m1 [3mstake[0m[2m=[0m50000000
[2m2026-03-02T00:00:45.698927Z[0m [32m INFO[0m [2marc_consensus[0m[2m:[0m Block committed via two-round rule [3mround[0m[2m=[0m2 [3mhash[0m[2m=[0m0x2105ce7ba1c45b41ab2b7a31b87ca14a4f107e7b39c39daa175aa62b46c1821c
[2m2026-03-02T00:00:45.698936Z[0m [32m INFO[0m [2marc_node::consensus[0m[2m:[0m DAG block committed [3mround[0m[2m=[0m2 [3mhash[0m[2m=[0m0x2105ce7ba1c45b41ab2b7a31b87ca14a4f107e7b39c39daa175aa62b46c1821c [3mtxs[0m[2m=[0m0
[2m2026-03-02T00:00:45.711270Z[0m [32m INFO[0m [2marc_consensus[0m[2m:[0m Advanced to new round [3mold_round[0m[2m=[0m5 [3mnew_round[0m[2m=[0m6 [3mblocks[0m[2m=[0m1 [3mstake[0m[2m=[0m50000000
[2m2026-03-02T00:00:45.711290Z[0m [32m INFO[0m [2marc_consensus[0m[2m:[0m Block committed via two-round rule [3mround[0m[2m=[0m3 [3mhash[0m[2m=[0m0x6ad6ea2bcf4702fd19c5efad16f8296f28c78aba3c48fcc918a5f35c5980d589
[2m2026-03-02T00:00:45.711298Z[0m [32m INFO[0m [2marc_node::consensus[0m[2m:[0m DAG block committed [3mround[0m[2m=[0m3 [3mhash[0m[2m=[0m0x6ad6ea2bcf4702fd19c5efad16f8296f28c78aba3c48fcc918a5f35c5980d589 [3mtxs[0m[2m=[0m0
[2m2026-03-02T00:00:45.723397Z[0m [32m INFO[0m [2marc_consensus[0m[2m:[0m Advanced to new round [3mold_round[0m[2m=[0m6 [3mnew_round[0m[2m=[0m7 [3mblocks[0m[2m=[0m1 [3mstake[0m[2m=[0m50000000
[2m2026-03-02T00:00:45.723431Z[0m [32m INFO[0m [2marc_consensus[0m[2m:[0m Block committed via two-round rule [3mround[0m[2m=[0m4 [3mhash[0m[2m=[0m0x1e45eafd8c7b066a5c25268defff1e667067be7125d8ccb1f1decefaa77c1be5
[2m2026-03-02T00:00:45.723443Z[0m [32m INFO[0m [2marc_node::consensus[0m[2m:[0m DAG block committed [3mround[0m[2m=[0m4 [3mhash[0m[2m=[0m0x1e45eafd8c7b066a5c25268defff1e667067be7125d8ccb1f1decefaa77c1be5 [3mtxs[0m[2m=[0m0
[2m2026-03-02T00:00:45.735542Z[0m [32m INFO[0m [2marc_consensus[0m[2m:[0m Advanced to new round [3mold_round[0m[2m=[0m7 [3mnew_round[0m[2m=[0m8 [3mblocks[0m[2m=[0m1 [3mstake[0m[2m=[0m50000000
[2m2026-03-02T00:00:45.735562Z[0m [32m INFO[0m [2marc_consensus[0m[2m:[0m Block committed via two-round rule [3mround[0m[2m=[0m5 [3mhash[0m[2m=[0m0x8f3aa25a5ee79e24fa963a35ef3516dfe8f85f88ecd8ef5f80f80a492ccd77b5
[2m2026-03-02T00:00:45.735569Z[0m [32m INFO[0m [2marc_node::consensus[0m[2m:[0m DAG block committed [3mround[0m[2m=[0m5 [3mhash[0m[2m=[0m0x8f3aa25a5ee79e24fa963a35ef3516dfe8f85f88ecd8ef5f80f80a492ccd77b5 [3mtxs[0m[2m=[0m0
[2m2026-03-02T00:00:45.747085Z[0m [32m INFO[0m [2marc_consensus[0m[2m:[0m Advanced to new round [3mold_round[0m[2m=[0m8 [3mnew_round[0m[2m=[0m9 [3mblocks[0m[2m=[0m1 [3mstake[0m[2m=[0m50000000
[2m2026-03-02T00:00:45.747119Z[0m [32m INFO[0m [2marc_consensus[0m[2m:[0m Block committed via two-round rule [3mround[0m[2m=[0m6 [3mhash[0m[2m=[0m0x5636c1a52982aa0a1eea726820536624a50983380045a1b63265571b944d3f5d
[2m2026-03-02T00:00:45.747263Z[0m [32m INFO[0m [2marc_node::consensus[0m[2m:[0m DAG block committed [3mround[0m[2m=[0m6 [3mhash[0m[2m=[0m0x5636c1a52982aa0a1eea726820536624a50983380045a1b63265571b944d3f5d [3mtxs[0m[2m=[0m0
[2m2026-03-02T00:00:45.759377Z[0m [32m INFO[0m [2marc_consensus[0m[2m:[0m Advanced to new round [3mold_round[0m[2m=[0m9 [3mnew_round[0m[2m=[0m10 [3mblocks[0m[2m=[0m1 [3mstake[0m[2m=[0m50000000
[2m2026-03-02T00:00:45.759403Z[0m [32m INFO[0m [2marc_consensus[0m[2m:[0m Block committed via two-round rule [3mround[0m[2m=[0m7 [3mhash[0m[2m=[0m0x36538494b72b5a21ea3175d50ae29de64b0a6ee4f01cd7ae1b601c60780de7eb
[2m2026-03-02T00:00:45.759416Z[0m [32m INFO[0m [2marc_node::consensus[0m[2m:[0m DAG block committed [3mround[0m[2m=[0m7 [3mhash[0m[2m=[0m0x36538494b72b5a21ea3175d50ae29de64b0a6ee4f01cd7ae1b601c60780de7eb [3mtxs[0m[2m=[0m0
[2m2026-03-02T00:00:45.772129Z[0m [32m INFO[0m [2marc_consensus[0m[2m:[0m Advanced to new round [3mold_round[0m[2m=[0m10 [3mnew_round[0m[2m=[0m11 [3mblocks[0m[2m=[0m1 [3mstake[0m[2m=[0m50000000
[2m2026-03-02T00:00:45.772178Z[0m [32m INFO[0m [2marc_consensus[0m[2m:[0m Block committed via two-round rule [3mround[0m[2m=[0m8 [3mhash[0m[2m=[0m0xa4e8ee29591323096f737b19e8e833cde5044f1854510a29c98c7c74c7b7aacb
[2m2026-03-02T00:00:45.772192Z[0m [32m INFO[0m [2marc_node::consensus[0m[2m:[0m DAG block committed [3mround[0m[2m=[0m8 [3mhash[0m[2m=[0m0xa4e8ee29591323096f737b19e8e833cde5044f1854510a29c98c7c74c7b7aacb [3mtxs[0m[2m=[0m0
[2m2026-03-02T00:00:45.784663Z[0m [32m INFO[0m [2marc_consensus[0m[2m:[0m Advanced to new round [3mold_round[0m[2m=[0m11 [3mnew_round[0m[2m=[0m12 [3mblocks[0m[2m=[0m1 [3mstake[0m[2m=[0m50000000
[2m2026-03-02T00:00:45.784703Z[0m [32m INFO[0m [2marc_consensus[0m[2m:[0m Block committed via two-round rule [3mround[0m[2m=[0m9 [3mhash[0m[2m=[0m0xc15777c97942cb10bc0fc03844d49b86c119a584d8b1c1fc21152f7c90b7614d
[2m2026-03-02T00:00:45.784712Z[0m [32m INFO[0m [2marc_node::consensus[0m[2m:[0m DAG block committed [3mround[0m[2m=[0m9 [3mhash[0m[2m=[0m0xc15777c97942cb10bc0fc03844d49b86c119a584d8b1c1fc21152f7c90b7614d [3mtxs[0m[2m=[0m0
[2m2026-03-02T00:00:46.151425Z[0m [32m INFO[0m [2marc_state[0m[2m:[0m Benchmark timing breakdown [3mtxs[0m[2m=[0m20000 [3msig_verify_ms[0m[2m=[0m243 [3mexecute_ms[0m[2m=[0m9 [3mmerkle_ms[0m[2m=[0m60 [3mstate_root_ms[0m[2m=[0m0 [3mstore_index_ms[0m[2m=[0m40
[2m2026-03-02T00:00:46.151468Z[0m [32m INFO[0m [2marc_node::consensus[0m[2m:[0m Signed benchmark block produced [3mheight[0m[2m=[0m1 [3mtxs[0m[2m=[0m20000 [3melapsed_ms[0m[2m=[0m353 [3mtps[0m[2m=[0m"56578"
[2m2026-03-02T00:00:46.161868Z[0m [32m INFO[0m [2marc_consensus[0m[2m:[0m Advanced to new round [3mold_round[0m[2m=[0m12 [3mnew_round[0m[2m=[0m13 [3mblocks[0m[2m=[0m1 [3mstake[0m[2m=[0m50000000
[2m2026-03-02T00:00:46.161912Z[0m [32m INFO[0m [2marc_consensus[0m[2m:[0m Block committed via two-round rule [3mround[0m[2m=[0m10 [3mhash[0m[2m=[0m0xa7192e98961e1d9b5258983bbd0c1369c0f093fdf2dc5e7263724faf8f95aa52
[2m2026-03-02T00:00:46.161930Z[0m [32m INFO[0m [2marc_node::consensus[0m[2m:[0m DAG block committed [3mround[0m[2m=[0m10 [3mhash[0m[2m=[0m0xa7192e98961e1d9b5258983bbd0c1369c0f093fdf2dc5e7263724faf8f95aa52 [3mtxs[0m[2m=[0m0
[2m2026-03-02T00:00:46.689862Z[0m [32m INFO[0m [2marc_state[0m[2m:[0m Benchmark timing breakdown [3mtxs[0m[2m=[0m40000 [3msig_verify_ms[0m[2m=[0m464 [3mexecute_ms[0m[2m=[0m7 [3mmerkle_ms[0m[2m=[0m4 [3mstate_root_ms[0m[2m=[0m0 [3mstore_index_ms[0m[2m=[0m37
[2m2026-03-02T00:00:46.689906Z[0m [32m INFO[0m [2marc_node::consensus[0m[2m:[0m Signed benchmark block produced [3mheight[0m[2m=[0m2 [3mtxs[0m[2m=[0m40000 [3melapsed_ms[0m[2m=[0m514 [3mtps[0m[2m=[0m"77762"
[2m2026-03-02T00:00:46.701414Z[0m [32m INFO[0m [2marc_consensus[0m[2m:[0m Advanced to new round [3mold_round[0m[2m=[0m13 [3mnew_round[0m[2m=[0m14 [3mblocks[0m[2m=[0m1 [3mstake[0m[2m=[0m50000000
[2m2026-03-02T00:00:46.701448Z[0m [32m INFO[0m [2marc_consensus[0m[2m:[0m Block committed via two-round rule [3mround[0m[2m=[0m11 [3mhash[0m[2m=[0m0x889164f525840a5bbc7aeac641937338ab2ec584fd989156aed464f5fe3d5686
[2m2026-03-02T00:00:46.701456Z[0m [32m INFO[0m [2marc_node::consensus[0m[2m:[0m DAG block committed [3mround[0m[2m=[0m11 [3mhash[0m[2m=[0m0x889164f525840a5bbc7aeac641937338ab2ec584fd989156aed464f5fe3d5686 [3mtxs[0m[2m=[0m0
[2m2026-03-02T00:00:47.421662Z[0m [32m INFO[0m [2marc_state[0m[2m:[0m Benchmark timing breakdown [3mtxs[0m[2m=[0m60000 [3msig_verify_ms[0m[2m=[0m624 [3mexecute_ms[0m[2m=[0m21 [3mmerkle_ms[0m[2m=[0m11 [3mstate_root_ms[0m[2m=[0m0 [3mstore_index_ms[0m[2m=[0m40
[2m2026-03-02T00:00:47.421699Z[0m [32m INFO[0m [2marc_node::consensus[0m[2m:[0m Signed benchmark block produced [3mheight[0m[2m=[0m3 [3mtxs[0m[2m=[0m60000 [3melapsed_ms[0m[2m=[0m697 [3mtps[0m[2m=[0m"85979"
[2m2026-03-02T00:00:47.426967Z[0m [32m INFO[0m [2marc_consensus[0m[2m:[0m Advanced to new round [3mold_round[0m[2m=[0m14 [3mnew_round[0m[2m=[0m15 [3mblocks[0m[2m=[0m1 [3mstake[0m[2m=[0m50000000
[2m2026-03-02T00:00:47.427008Z[0m [32m INFO[0m [2marc_consensus[0m[2m:[0m Block committed via two-round rule [3mround[0m[2m=[0m12 [3mhash[0m[2m=[0m0x53b89efa7914b1b040d346fe20c7641ac441c31ac0d7f58e288fa098a99a66bc
[2m2026-03-02T00:00:47.427019Z[0m [32m INFO[0m [2marc_node::consensus[0m[2m:[0m DAG block committed [3mround[0m[2m=[0m12 [3mhash[0m[2m=[0m0x53b89efa7914b1b040d346fe20c7641ac441c31ac0d7f58e288fa098a99a66bc [3mtxs[0m[2m=[0m0
[2m2026-03-02T00:00:48.463234Z[0m [32m INFO[0m [2marc_state[0m[2m:[0m Benchmark timing breakdown [3mtxs[0m[2m=[0m80000 [3msig_verify_ms[0m[2m=[0m922 [3mexecute_ms[0m[2m=[0m15 [3mmerkle_ms[0m[2m=[0m33 [3mstate_root_ms[0m[2m=[0m0 [3mstore_index_ms[0m[2m=[0m47
[2m2026-03-02T00:00:48.463334Z[0m [32m INFO[0m [2marc_node::consensus[0m[2m:[0m Signed benchmark block produced [3mheight[0m[2m=[0m4 [3mtxs[0m[2m=[0m80000 [3melapsed_ms[0m[2m=[0m1020 [3mtps[0m[2m=[0m"78431"
[2m2026-03-02T00:00:48.477519Z[0m [32m INFO[0m [2marc_consensus[0m[2m:[0m Advanced to new round [3mold_round[0m[2m=[0m15 [3mnew_round[0m[2m=[0m16 [3mblocks[0m[2m=[0m1 [3mstake[0m[2m=[0m50000000
[2m2026-03-02T00:00:48.477574Z[0m [32m INFO[0m [2marc_consensus[0m[2m:[0m Block committed via two-round rule [3mround[0m[2m=[0m13 [3mhash[0m[2m=[0m0xa7bd1d649db7438751a79ffeba8afd394bfe62e5f378b48f608c0f31d0368d83
[2m2026-03-02T00:00:48.477585Z[0m [32m INFO[0m [2marc_node::consensus[0m[2m:[0m DAG block committed [3mround[0m[2m=[0m13 [3mhash[0m[2m=[0m0xa7bd1d649db7438751a79ffeba8afd394bfe62e5f378b48f608c0f31d0368d83 [3mtxs[0m[2m=[0m0
[2m2026-03-02T00:00:49.840878Z[0m [32m INFO[0m [2marc_state[0m[2m:[0m Benchmark timing breakdown [3mtxs[0m[2m=[0m110000 [3msig_verify_ms[0m[2m=[0m1245 [3mexecute_ms[0m[2m=[0m21 [3mmerkle_ms[0m[2m=[0m19 [3mstate_root_ms[0m[2m=[0m0 [3mstore_index_ms[0m[2m=[0m59
[2m2026-03-02T00:00:49.840919Z[0m [32m INFO[0m [2marc_node::consensus[0m[2m:[0m Signed benchmark block produced [3mheight[0m[2m=[0m5 [3mtxs[0m[2m=[0m110000 [3melapsed_ms[0m[2m=[0m1346 [3mtps[0m[2m=[0m"81680"
[2m2026-03-02T00:00:49.850480Z[0m [32m INFO[0m [2marc_consensus[0m[2m:[0m Advanced to new round [3mold_round[0m[2m=[0m16 [3mnew_round[0m[2m=[0m17 [3mblocks[0m[2m=[0m1 [3mstake[0m[2m=[0m50000000
[2m2026-03-02T00:00:49.850528Z[0m [32m INFO[0m [2marc_consensus[0m[2m:[0m Block committed via two-round rule [3mround[0m[2m=[0m14 [3mhash[0m[2m=[0m0x5417dcd1c6e3f91f126919c72e09626136d11edb95360feee178fa878d59f994
[2m2026-03-02T00:00:49.850555Z[0m [32m INFO[0m [2marc_node::consensus[0m[2m:[0m DAG block committed [3mround[0m[2m=[0m14 [3mhash[0m[2m=[0m0x5417dcd1c6e3f91f126919c72e09626136d11edb95360feee178fa878d59f994 [3mtxs[0m[2m=[0m0
[2m2026-03-02T00:00:51.444569Z[0m [32m INFO[0m [2marc_state[0m[2m:[0m Benchmark timing breakdown [3mtxs[0m[2m=[0m150000 [3msig_verify_ms[0m[2m=[0m1430 [3mexecute_ms[0m[2m=[0m24 [3mmerkle_ms[0m[2m=[0m31 [3mstate_root_ms[0m[2m=[0m0 [3mstore_index_ms[0m[2m=[0m89
[2m2026-03-02T00:00:51.444815Z[0m [32m INFO[0m [2marc_node::consensus[0m[2m:[0m Signed benchmark block produced [3mheight[0m[2m=[0m6 [3mtxs[0m[2m=[0m150000 [3melapsed_ms[0m[2m=[0m1575 [3mtps[0m[2m=[0m"95181"
[2m2026-03-02T00:00:51.455564Z[0m [32m INFO[0m [2marc_consensus[0m[2m:[0m Advanced to new round [3mold_round[0m[2m=[0m17 [3mnew_round[0m[2m=[0m18 [3mblocks[0m[2m=[0m1 [3mstake[0m[2m=[0m50000000
[2m2026-03-02T00:00:51.455610Z[0m [32m INFO[0m [2marc_consensus[0m[2m:[0m Block committed via two-round rule [3mround[0m[2m=[0m15 [3mhash[0m[2m=[0m0x4e76e634390e119fc7cda2a926cc431c6ed221cd5c1b74b64f6174beff538452
[2m2026-03-02T00:00:51.455621Z[0m [32m INFO[0m [2marc_node::consensus[0m[2m:[0m DAG block committed [3mround[0m[2m=[0m15 [3mhash[0m[2m=[0m0x4e76e634390e119fc7cda2a926cc431c6ed221cd5c1b74b64f6174beff538452 [3mtxs[0m[2m=[0m0
[2m2026-03-02T00:00:53.410097Z[0m [32m INFO[0m [2marc_state[0m[2m:[0m Benchmark timing breakdown [3mtxs[0m[2m=[0m180000 [3msig_verify_ms[0m[2m=[0m1775 [3mexecute_ms[0m[2m=[0m34 [3mmerkle_ms[0m[2m=[0m41 [3mstate_root_ms[0m[2m=[0m0 [3mstore_index_ms[0m[2m=[0m82
[2m2026-03-02T00:00:53.410423Z[0m [32m INFO[0m [2marc_node::consensus[0m[2m:[0m Signed benchmark block produced [3mheight[0m[2m=[0m7 [3mtxs[0m[2m=[0m180000 [3melapsed_ms[0m[2m=[0m1935 [3mtps[0m[2m=[0m"93019"
[2m2026-03-02T00:00:53.424470Z[0m [32m INFO[0m [2marc_consensus[0m[2m:[0m Advanced to new round [3mold_round[0m[2m=[0m18 [3mnew_round[0m[2m=[0m19 [3mblocks[0m[2m=[0m1 [3mstake[0m[2m=[0m50000000
[2m2026-03-02T00:00:53.424509Z[0m [32m INFO[0m [2marc_consensus[0m[2m:[0m Block committed via two-round rule [3mround[0m[2m=[0m16 [3mhash[0m[2m=[0m0xda30f85919e4ceb852829cb79c2719e9aef325113877e80b46b3d9107343bf22
[2m2026-03-02T00:00:53.424519Z[0m [32m INFO[0m [2marc_node::consensus[0m[2m:[0m DAG block committed [3mround[0m[2m=[0m16 [3mhash[0m[2m=[0m0xda30f85919e4ceb852829cb79c2719e9aef325113877e80b46b3d9107343bf22 [3mtxs[0m[2m=[0m0
[2m2026-03-02T00:00:55.795728Z[0m [32m INFO[0m [2marc_state[0m[2m:[0m Benchmark timing breakdown [3mtxs[0m[2m=[0m210000 [3msig_verify_ms[0m[2m=[0m2212 [3mexecute_ms[0m[2m=[0m37 [3mmerkle_ms[0m[2m=[0m20 [3mstate_root_ms[0m[2m=[0m0 [3mstore_index_ms[0m[2m=[0m80
[2m2026-03-02T00:00:55.795861Z[0m [32m INFO[0m [2marc_node::consensus[0m[2m:[0m Signed benchmark block produced [3mheight[0m[2m=[0m8 [3mtxs[0m[2m=[0m210000 [3melapsed_ms[0m[2m=[0m2352 [3mtps[0m[2m=[0m"89256"
[2m2026-03-02T00:00:55.824565Z[0m [32m INFO[0m [2marc_consensus[0m[2m:[0m Advanced to new round [3mold_round[0m[2m=[0m19 [3mnew_round[0m[2m=[0m20 [3mblocks[0m[2m=[0m1 [3mstake[0m[2m=[0m50000000
[2m2026-03-02T00:00:55.824612Z[0m [32m INFO[0m [2marc_consensus[0m[2m:[0m Block committed via two-round rule [3mround[0m[2m=[0m17 [3mhash[0m[2m=[0m0xf2568699c7ca3ac6903bef9e5e8424e7a60ed1e209117d532457d9d567ab9179
[2m2026-03-02T00:00:55.824625Z[0m [32m INFO[0m [2marc_node::consensus[0m[2m:[0m DAG block committed [3mround[0m[2m=[0m17 [3mhash[0m[2m=[0m0xf2568699c7ca3ac6903bef9e5e8424e7a60ed1e209117d532457d9d567ab9179 [3mtxs[0m[2m=[0m0
[2m2026-03-02T00:00:59.334315Z[0m [32m INFO[0m [2marc_state[0m[2m:[0m Benchmark timing breakdown [3mtxs[0m[2m=[0m270000 [3msig_verify_ms[0m[2m=[0m3150 [3mexecute_ms[0m[2m=[0m48 [3mmerkle_ms[0m[2m=[0m26 [3mstate_root_ms[0m[2m=[0m0 [3mstore_index_ms[0m[2m=[0m263
[2m2026-03-02T00:00:59.334594Z[0m [32m INFO[0m [2marc_node::consensus[0m[2m:[0m Signed benchmark block produced [3mheight[0m[2m=[0m9 [3mtxs[0m[2m=[0m270000 [3melapsed_ms[0m[2m=[0m3489 [3mtps[0m[2m=[0m"77371"
[2m2026-03-02T00:00:59.372916Z[0m [32m INFO[0m [2marc_consensus[0m[2m:[0m Advanced to new round [3mold_round[0m[2m=[0m20 [3mnew_round[0m[2m=[0m21 [3mblocks[0m[2m=[0m1 [3mstake[0m[2m=[0m50000000
[2m2026-03-02T00:00:59.374221Z[0m [32m INFO[0m [2marc_consensus[0m[2m:[0m Block committed via two-round rule [3mround[0m[2m=[0m18 [3mhash[0m[2m=[0m0x14479da3299fcd3aa11c8c3b823a486caf8145cc30dcaf34937f30df1042dda5
[2m2026-03-02T00:00:59.374240Z[0m [32m INFO[0m [2marc_node::consensus[0m[2m:[0m DAG block committed [3mround[0m[2m=[0m18 [3mhash[0m[2m=[0m0x14479da3299fcd3aa11c8c3b823a486caf8145cc30dcaf34937f30df1042dda5 [3mtxs[0m[2m=[0m0
[2m2026-03-02T00:01:04.060557Z[0m [32m INFO[0m [2marc_state[0m[2m:[0m Benchmark timing breakdown [3mtxs[0m[2m=[0m390000 [3msig_verify_ms[0m[2m=[0m4310 [3mexecute_ms[0m[2m=[0m80 [3mmerkle_ms[0m[2m=[0m35 [3mstate_root_ms[0m[2m=[0m0 [3mstore_index_ms[0m[2m=[0m226
[2m2026-03-02T00:01:04.060741Z[0m [32m INFO[0m [2marc_node::consensus[0m[2m:[0m Signed benchmark block produced [3mheight[0m[2m=[0m10 [3mtxs[0m[2m=[0m390000 [3melapsed_ms[0m[2m=[0m4653 [3mtps[0m[2m=[0m"83802"
[2m2026-03-02T00:01:04.083625Z[0m [32m INFO[0m [2marc_consensus[0m[2m:[0m Advanced to new round [3mold_round[0m[2m=[0m21 [3mnew_round[0m[2m=[0m22 [3mblocks[0m[2m=[0m1 [3mstake[0m[2m=[0m50000000
[2m2026-03-02T00:01:04.083660Z[0m [32m INFO[0m [2marc_consensus[0m[2m:[0m Block committed via two-round rule [3mround[0m[2m=[0m19 [3mhash[0m[2m=[0m0xb2b721c60707541b5a06b62c05012de6b701a6d6ad4ff473cf37b9bd09890a47
[2m2026-03-02T00:01:04.083667Z[0m [32m INFO[0m [2marc_node::consensus[0m[2m:[0m DAG block committed [3mround[0m[2m=[0m19 [3mhash[0m[2m=[0m0xb2b721c60707541b5a06b62c05012de6b701a6d6ad4ff473cf37b9bd09890a47 [3mtxs[0m[2m=[0m0
[2m2026-03-02T00:01:11.047982Z[0m [32m INFO[0m [2marc_state[0m[2m:[0m Benchmark timing breakdown [3mtxs[0m[2m=[0m500000 [3msig_verify_ms[0m[2m=[0m5798 [3mexecute_ms[0m[2m=[0m189 [3mmerkle_ms[0m[2m=[0m52 [3mstate_root_ms[0m[2m=[0m0 [3mstore_index_ms[0m[2m=[0m891
[2m2026-03-02T00:01:11.048186Z[0m [32m INFO[0m [2marc_node::consensus[0m[2m:[0m Signed benchmark block produced [3mheight[0m[2m=[0m11 [3mtxs[0m[2m=[0m500000 [3melapsed_ms[0m[2m=[0m6932 [3mtps[0m[2m=[0m"72122"
[2m2026-03-02T00:01:11.082222Z[0m [32m INFO[0m [2marc_consensus[0m[2m:[0m Advanced to new round [3mold_round[0m[2m=[0m22 [3mnew_round[0m[2m=[0m23 [3mblocks[0m[2m=[0m1 [3mstake[0m[2m=[0m50000000
[2m2026-03-02T00:01:11.082291Z[0m [32m INFO[0m [2marc_consensus[0m[2m:[0m Block committed via two-round rule [3mround[0m[2m=[0m20 [3mhash[0m[2m=[0m0x2c767872d544dfae570d6d7a40d5fca7bfa85f32f4f06f2d6551beaa4ba0268c
[2m2026-03-02T00:01:11.082305Z[0m [32m INFO[0m [2marc_node::consensus[0m[2m:[0m DAG block committed [3mround[0m[2m=[0m20 [3mhash[0m[2m=[0m0x2c767872d544dfae570d6d7a40d5fca7bfa85f32f4f06f2d6551beaa4ba0268c [3mtxs[0m[2m=[0m0
[2m2026-03-02T00:01:18.568281Z[0m [32m INFO[0m [2marc_state[0m[2m:[0m Benchmark timing breakdown [3mtxs[0m[2m=[0m660000 [3msig_verify_ms[0m[2m=[0m6921 [3mexecute_ms[0m[2m=[0m93 [3mmerkle_ms[0m[2m=[0m45 [3mstate_root_ms[0m[2m=[0m0 [3mstore_index_ms[0m[2m=[0m338
[2m2026-03-02T00:01:18.568338Z[0m [32m INFO[0m [2marc_node::consensus[0m[2m:[0m Signed benchmark block produced [3mheight[0m[2m=[0m12 [3mtxs[0m[2m=[0m660000 [3melapsed_ms[0m[2m=[0m7400 [3mtps[0m[2m=[0m"89188"
[2m2026-03-02T00:01:18.612279Z[0m [32m INFO[0m [2marc_consensus[0m[2m:[0m Advanced to new round [3mold_round[0m[2m=[0m23 [3mnew_round[0m[2m=[0m24 [3mblocks[0m[2m=[0m1 [3mstake[0m[2m=[0m50000000
[2m2026-03-02T00:01:18.612346Z[0m [32m INFO[0m [2marc_consensus[0m[2m:[0m Block committed via two-round rule [3mround[0m[2m=[0m21 [3mhash[0m[2m=[0m0x9258879270211022e2f487b079f58b944032c6172c2e889bde3fc94f97ec1fc5
[2m2026-03-02T00:01:18.612357Z[0m [32m INFO[0m [2marc_node::consensus[0m[2m:[0m DAG block committed [3mround[0m[2m=[0m21 [3mhash[0m[2m=[0m0x9258879270211022e2f487b079f58b944032c6172c2e889bde3fc94f97ec1fc5 [3mtxs[0m[2m=[0m0
[2m2026-03-02T00:01:25.683017Z[0m [32m INFO[0m [2marc_state[0m[2m:[0m Benchmark timing breakdown [3mtxs[0m[2m=[0m660000 [3msig_verify_ms[0m[2m=[0m6617 [3mexecute_ms[0m[2m=[0m107 [3mmerkle_ms[0m[2m=[0m38 [3mstate_root_ms[0m[2m=[0m0 [3mstore_index_ms[0m[2m=[0m254
[2m2026-03-02T00:01:25.683064Z[0m [32m INFO[0m [2marc_node::consensus[0m[2m:[0m Signed benchmark block produced [3mheight[0m[2m=[0m13 [3mtxs[0m[2m=[0m660000 [3melapsed_ms[0m[2m=[0m7018 [3mtps[0m[2m=[0m"94040"
[2m2026-03-02T00:01:25.727927Z[0m [32m INFO[0m [2marc_consensus[0m[2m:[0m Advanced to new round [3mold_round[0m[2m=[0m24 [3mnew_round[0m[2m=[0m25 [3mblocks[0m[2m=[0m1 [3mstake[0m[2m=[0m50000000
[2m2026-03-02T00:01:25.727966Z[0m [32m INFO[0m [2marc_consensus[0m[2m:[0m Block committed via two-round rule [3mround[0m[2m=[0m22 [3mhash[0m[2m=[0m0x57e2ba7ea6035f5e92fa59dd0ffff700c638f1c9ee232311b9166ef07d562af6
[2m2026-03-02T00:01:25.727976Z[0m [32m INFO[0m [2marc_node::consensus[0m[2m:[0m DAG block committed [3mround[0m[2m=[0m22 [3mhash[0m[2m=[0m0x57e2ba7ea6035f5e92fa59dd0ffff700c638f1c9ee232311b9166ef07d562af6 [3mtxs[0m[2m=[0m0
[2m2026-03-02T00:01:37.985702Z[0m [32m INFO[0m [2marc_state[0m[2m:[0m Benchmark timing breakdown [3mtxs[0m[2m=[0m660000 [3msig_verify_ms[0m[2m=[0m6774 [3mexecute_ms[0m[2m=[0m121 [3mmerkle_ms[0m[2m=[0m41 [3mstate_root_ms[0m[2m=[0m1 [3mstore_index_ms[0m[2m=[0m5274
[2m2026-03-02T00:01:37.985862Z[0m [32m INFO[0m [2marc_node::consensus[0m[2m:[0m Signed benchmark block produced [3mheight[0m[2m=[0m14 [3mtxs[0m[2m=[0m660000 [3melapsed_ms[0m[2m=[0m12213 [3mtps[0m[2m=[0m"54037"
[2m2026-03-02T00:01:38.144942Z[0m [32m INFO[0m [2marc_consensus[0m[2m:[0m Advanced to new round [3mold_round[0m[2m=[0m25 [3mnew_round[0m[2m=[0m26 [3mblocks[0m[2m=[0m1 [3mstake[0m[2m=[0m50000000
[2m2026-03-02T00:01:38.145000Z[0m [32m INFO[0m [2marc_consensus[0m[2m:[0m Block committed via two-round rule [3mround[0m[2m=[0m23 [3mhash[0m[2m=[0m0x4ccf81aac8f513c51e537bf505c86d7fda8b2b688157ccdfc8375d40d820a84b
[2m2026-03-02T00:01:38.145015Z[0m [32m INFO[0m [2marc_node::consensus[0m[2m:[0m DAG block committed [3mround[0m[2m=[0m23 [3mhash[0m[2m=[0m0x4ccf81aac8f513c51e537bf505c86d7fda8b2b688157ccdfc8375d40d820a84b [3mtxs[0m[2m=[0m0
[2m2026-03-02T00:01:53.775053Z[0m [32m INFO[0m [2marc_state[0m[2m:[0m Benchmark timing breakdown [3mtxs[0m[2m=[0m660000 [3msig_verify_ms[0m[2m=[0m7498 [3mexecute_ms[0m[2m=[0m172 [3mmerkle_ms[0m[2m=[0m51 [3mstate_root_ms[0m[2m=[0m0 [3mstore_index_ms[0m[2m=[0m7736
[2m2026-03-02T00:01:53.775348Z[0m [32m INFO[0m [2marc_node::consensus[0m[2m:[0m Signed benchmark block produced [3mheight[0m[2m=[0m15 [3mtxs[0m[2m=[0m660000 [3melapsed_ms[0m[2m=[0m15460 [3mtps[0m[2m=[0m"42690"
[2m2026-03-02T00:01:53.911157Z[0m [32m INFO[0m [2marc_consensus[0m[2m:[0m Advanced to new round [3mold_round[0m[2m=[0m26 [3mnew_round[0m[2m=[0m27 [3mblocks[0m[2m=[0m1 [3mstake[0m[2m=[0m50000000
[2m2026-03-02T00:01:53.911239Z[0m [32m INFO[0m [2marc_consensus[0m[2m:[0m Block committed via two-round rule [3mround[0m[2m=[0m24 [3mhash[0m[2m=[0m0xd196b8bd865642974b183ebf16393e6bd226c1d9990fa564cf15c402a7235a76
[2m2026-03-02T00:01:53.911269Z[0m [32m INFO[0m [2marc_node::consensus[0m[2m:[0m DAG block committed [3mround[0m[2m=[0m24 [3mhash[0m[2m=[0m0xd196b8bd865642974b183ebf16393e6bd226c1d9990fa564cf15c402a7235a76 [3mtxs[0m[2m=[0m0
[2m2026-03-02T00:02:11.788534Z[0m [32m INFO[0m [2marc_state[0m[2m:[0m Benchmark timing breakdown [3mtxs[0m[2m=[0m680000 [3msig_verify_ms[0m[2m=[0m7635 [3mexecute_ms[0m[2m=[0m267 [3mmerkle_ms[0m[2m=[0m59 [3mstate_root_ms[0m[2m=[0m0 [3mstore_index_ms[0m[2m=[0m9738
[2m2026-03-02T00:02:11.789205Z[0m [32m INFO[0m [2marc_node::consensus[0m[2m:[0m Signed benchmark block produced [3mheight[0m[2m=[0m16 [3mtxs[0m[2m=[0m680000 [3melapsed_ms[0m[2m=[0m17701 [3mtps[0m[2m=[0m"38414"
[2m2026-03-02T00:02:11.990563Z[0m [32m INFO[0m [2marc_consensus[0m[2m:[0m Advanced to new round [3mold_round[0m[2m=[0m27 [3mnew_round[0m[2m=[0m28 [3mblocks[0m[2m=[0m1 [3mstake[0m[2m=[0m50000000
[2m2026-03-02T00:02:11.990628Z[0m [32m INFO[0m [2marc_consensus[0m[2m:[0m Block committed via two-round rule [3mround[0m[2m=[0m25 [3mhash[0m[2m=[0m0x71c61743489edd838f58764f20f6ca00bfc80a6d8343ed8df2ced6a35f93b799
[2m2026-03-02T00:02:11.990638Z[0m [32m INFO[0m [2marc_node::consensus[0m[2m:[0m DAG block committed [3mround[0m[2m=[0m25 [3mhash[0m[2m=[0m0x71c61743489edd838f58764f20f6ca00bfc80a6d8343ed8df2ced6a35f93b799 [3mtxs[0m[2m=[0m0
[2m2026-03-02T00:02:34.290803Z[0m [32m INFO[0m [2marc_state[0m[2m:[0m Benchmark timing breakdown [3mtxs[0m[2m=[0m680000 [3msig_verify_ms[0m[2m=[0m7058 [3mexecute_ms[0m[2m=[0m130 [3mmerkle_ms[0m[2m=[0m47 [3mstate_root_ms[0m[2m=[0m0 [3mstore_index_ms[0m[2m=[0m14684
[2m2026-03-02T00:02:34.290923Z[0m [32m INFO[0m [2marc_node::consensus[0m[2m:[0m Signed benchmark block produced [3mheight[0m[2m=[0m17 [3mtxs[0m[2m=[0m680000 [3melapsed_ms[0m[2m=[0m21920 [3mtps[0m[2m=[0m"31021"
[2m2026-03-02T00:02:34.756529Z[0m [32m INFO[0m [2marc_consensus[0m[2m:[0m Advanced to new round [3mold_round[0m[2m=[0m28 [3mnew_round[0m[2m=[0m29 [3mblocks[0m[2m=[0m1 [3mstake[0m[2m=[0m50000000
[2m2026-03-02T00:02:34.756595Z[0m [32m INFO[0m [2marc_consensus[0m[2m:[0m Block committed via two-round rule [3mround[0m[2m=[0m26 [3mhash[0m[2m=[0m0xbc670762922f8be7591ccd632c6f82aaa0d06cd689c3bf6d5ac02765e3407b1d
[2m2026-03-02T00:02:34.756610Z[0m [32m INFO[0m [2marc_node::consensus[0m[2m:[0m DAG block committed [3mround[0m[2m=[0m26 [3mhash[0m[2m=[0m0xbc670762922f8be7591ccd632c6f82aaa0d06cd689c3bf6d5ac02765e3407b1d [3mtxs[0m[2m=[0m0
