[2m2026-03-02T00:00:45.634426Z[0m [32m INFO[0m [2marc_node[0m[2m:[0m ╔═══════════════════════════════════════╗
[2m2026-03-02T00:00:45.634469Z[0m [32m INFO[0m [2marc_node[0m[2m:[0m ║   ARC Chain — Agent Runtime Chain     ║
[2m2026-03-02T00:00:45.634474Z[0m [32m INFO[0m [2marc_node[0m[2m:[0m ║   Testnet Node v0.1.0                 ║
[2m2026-03-02T00:00:45.634476Z[0m [32m INFO[0m [2marc_node[0m[2m:[0m ╚═══════════════════════════════════════╝
[2m2026-03-02T00:00:45.634478Z[0m [32m INFO[0m [2marc_node[0m[2m:[0m Validator  : 0x2e13f9d0412baa9b0766d7999c3fa02026f224d96b9c221ff19dbe69e27e4d33
[2m2026-03-02T00:00:45.634489Z[0m [32m INFO[0m [2marc_node[0m[2m:[0m Seed       : arc-soak-validator-0
[2m2026-03-02T00:00:45.634493Z[0m [32m INFO[0m [2marc_node[0m[2m:[0m Stake      : 50000000 ARC (Core)
[2m2026-03-02T00:00:45.634496Z[0m [32m INFO[0m [2marc_node[0m[2m:[0m RPC        : 127.0.0.1:9090
[2m2026-03-02T00:00:45.634498Z[0m [32m INFO[0m [2marc_node[0m[2m:[0m P2P port   : 9100
[2m2026-03-02T00:00:45.634500Z[0m [32m INFO[0m [2marc_node[0m[2m:[0m Data dir   : ./arc-data
[2m2026-03-02T00:00:45.634503Z[0m [32m INFO[0m [2marc_node[0m[2m:[0m Peers      : ["127.0.0.1:9101", "127.0.0.1:9102"]
[2m2026-03-02T00:00:45.635444Z[0m [32m INFO[0m [2marc_state[0m[2m:[0m Benchmark indexer started (4 threads)
[2m2026-03-02T00:00:45.635783Z[0m [32m INFO[0m [2marc_net::transport[0m[2m:[0m P2P transport listening on 0.0.0.0:9100
[2m2026-03-02T00:00:45.635809Z[0m [32m INFO[0m [2marc_net::transport[0m[2m:[0m Dialing bootstrap peer 127.0.0.1:9101
[2m2026-03-02T00:00:45.635889Z[0m [32m INFO[0m [2marc_node::benchmark[0m[2m:[0m Benchmark signing pool started [3mthreads[0m[2m=[0m2 [3msenders[0m[2m=[0m"0-9" [3mbatch_size[0m[2m=[0m10000
[2m2026-03-02T00:00:45.635900Z[0m [32m INFO[0m [2marc_node[0m[2m:[0m Benchmark mode ACTIVE — ed25519 signed txs, senders 0-9, async indexing
[2m2026-03-02T00:00:45.635903Z[0m [32m INFO[0m [2marc_consensus[0m[2m:[0m ConsensusEngine initialized with signing keypair [3mepoch[0m[2m=[0m0 [3mvalidators[0m[2m=[0m1 [3mtotal_stake[0m[2m=[0m50000000 [3mquorum[0m[2m=[0m33333334
[2m2026-03-02T00:00:45.635912Z[0m [32m INFO[0m [2marc_node::consensus[0m[2m:[0m ConsensusManager initialized (signed block mode) [3maddress[0m[2m=[0m0x2e13f9d0412baa9b0766d7999c3fa02026f224d96b9c221ff19dbe69e27e4d33 [3mstake[0m[2m=[0m50000000 [3mtier[0m[2m=[0mCore [3mshards[0m[2m=[0m4
[2m2026-03-02T00:00:45.635918Z[0m [32m INFO[0m [2marc_node[0m[2m:[0m ETH RPC    : 0.0.0.0:8545 (MetaMask/Hardhat/Foundry)
[2m2026-03-02T00:00:45.635921Z[0m [32m INFO[0m [2marc_node[0m[2m:[0m RPC server listening on 127.0.0.1:9090
[2m2026-03-02T00:00:45.635926Z[0m [32m INFO[0m [2marc_node::consensus[0m[2m:[0m Consensus loop started [3mtier[0m[2m=[0mCore [3maddress[0m[2m=[0m0x2e13f9d0412baa9b0766d7999c3fa02026f224d96b9c221ff19dbe69e27e4d33 [3mmulti_validator[0m[2m=[0mfalse [3mvalidators[0m[2m=[0m1
[2m2026-03-02T00:00:45.647234Z[0m [32m INFO[0m [2marc_consensus[0m[2m:[0m Advanced to new round [3mold_round[0m[2m=[0m0 [3mnew_round[0m[2m=[0m1 [3mblocks[0m[2m=[0m1 [3mstake[0m[2m=[0m50000000
[2m2026-03-02T00:00:45.659188Z[0m [32m INFO[0m [2marc_consensus[0m[2m:[0m Advanced to new round [3mold_round[0m[2m=[0m1 [3mnew_round[0m[2m=[0m2 [3mblocks[0m[2m=[0m1 [3mstake[0m[2m=[0m50000000
[2m2026-03-02T00:00:45.672047Z[0m [32m INFO[0m [2marc_consensus[0m[2m:[0m Advanced to new round [3mold_round[0m[2m=[0m2 [3mnew_round[0m[2m=[0m3 [3mblocks[0m[2m=[0m1 [3mstake[0m[2m=[0m50000000
[2m2026-03-02T00:00:45.672087Z[0m [32m INFO[0m [2marc_consensus[0m[2m:[0m Block committed via two-round rule [3mround[0m[2m=[0m0 [3mhash[0m[2m=[0m0x3a8af1ff7c21656141913da4013c81b3f5075d3324a6a8daaac0099625169ecf
[2m2026-03-02T00:00:45.672114Z[0m [32m INFO[0m [2marc_node::consensus[0m[2m:[0m DAG block committed [3mround[0m[2m=[0m0 [3mhash[0m[2m=[0m0x3a8af1ff7c21656141913da4013c81b3f5075d3324a6a8daaac0099625169ecf [3mtxs[0m[2m=[0m0
[2m2026-03-02T00:00:45.686275Z[0m [32m INFO[0m [2marc_consensus[0m[2m:[0m Advanced to new round [3mold_round[0m[2m=[0m3 [3mnew_round[0m[2m=[0m4 [3mblocks[0m[2m=[0m1 [3mstake[0m[2m=[0m50000000
[2m2026-03-02T00:00:45.686303Z[0m [32m INFO[0m [2marc_consensus[0m[2m:[0m Block committed via two-round rule [3mround[0m[2m=[0m1 [3mhash[0m[2m=[0m0x83a2ffdc21c897bd89e68d75ab75373f010f9beccf839d7ab3915ac6dae0b35d
[2m2026-03-02T00:00:45.686308Z[0m [32m INFO[0m [2marc_node::consensus[0m[2m:[0m DAG block committed [3mround[0m[2m=[0m1 [3mhash[0m[2m=[0m0x83a2ffdc21c897bd89e68d75ab75373f010f9beccf839d7ab3915ac6dae0b35d [3mtxs[0m[2m=[0m0
[2m2026-03-02T00:00:45.698430Z[0m [32m INFO[0m [2marc_consensus[0m[2m:[0m Advanced to new round [3mold_round[0m[2m=[0m4 [3mnew_round[0m[2m=[0m5 [3mblocks[0m[2m=[0m1 [3mstake[0m[2m=[0m50000000
[2m2026-03-02T00:00:45.698462Z[0m [32m INFO[0m [2marc_consensus[0m[2m:[0m Block committed via two-round rule [3mround[0m[2m=[0m2 [3mhash[0m[2m=[0m0xe5af235d4b1b09b0af348d3e737bd7f35727ef9124a78f1b0a4534dc93b7395e
[2m2026-03-02T00:00:45.698470Z[0m [32m INFO[0m [2marc_node::consensus[0m[2m:[0m DAG block committed [3mround[0m[2m=[0m2 [3mhash[0m[2m=[0m0xe5af235d4b1b09b0af348d3e737bd7f35727ef9124a78f1b0a4534dc93b7395e [3mtxs[0m[2m=[0m0
[2m2026-03-02T00:00:45.710582Z[0m [32m INFO[0m [2marc_consensus[0m[2m:[0m Advanced to new round [3mold_round[0m[2m=[0m5 [3mnew_round[0m[2m=[0m6 [3mblocks[0m[2m=[0m1 [3mstake[0m[2m=[0m50000000
[2m2026-03-02T00:00:45.710610Z[0m [32m INFO[0m [2marc_consensus[0m[2m:[0m Block committed via two-round rule [3mround[0m[2m=[0m3 [3mhash[0m[2m=[0m0x381a396f43d2c82adaa88604f6ec6a1d0b2a92c19a33ce442fd887e5f2d60528
[2m2026-03-02T00:00:45.710619Z[0m [32m INFO[0m [2marc_node::consensus[0m[2m:[0m DAG block committed [3mround[0m[2m=[0m3 [3mhash[0m[2m=[0m0x381a396f43d2c82adaa88604f6ec6a1d0b2a92c19a33ce442fd887e5f2d60528 [3mtxs[0m[2m=[0m0
[2m2026-03-02T00:00:45.722709Z[0m [32m INFO[0m [2marc_consensus[0m[2m:[0m Advanced to new round [3mold_round[0m[2m=[0m6 [3mnew_round[0m[2m=[0m7 [3mblocks[0m[2m=[0m1 [3mstake[0m[2m=[0m50000000
[2m2026-03-02T00:00:45.722746Z[0m [32m INFO[0m [2marc_consensus[0m[2m:[0m Block committed via two-round rule [3mround[0m[2m=[0m4 [3mhash[0m[2m=[0m0x9a2d0a76693f4dcd95055846b919f43a7d9d23b64f388bd2fdf02df3298b4cb8
[2m2026-03-02T00:00:45.722757Z[0m [32m INFO[0m [2marc_node::consensus[0m[2m:[0m DAG block committed [3mround[0m[2m=[0m4 [3mhash[0m[2m=[0m0x9a2d0a76693f4dcd95055846b919f43a7d9d23b64f388bd2fdf02df3298b4cb8 [3mtxs[0m[2m=[0m0
[2m2026-03-02T00:00:45.734862Z[0m [32m INFO[0m [2marc_consensus[0m[2m:[0m Advanced to new round [3mold_round[0m[2m=[0m7 [3mnew_round[0m[2m=[0m8 [3mblocks[0m[2m=[0m1 [3mstake[0m[2m=[0m50000000
[2m2026-03-02T00:00:45.734896Z[0m [32m INFO[0m [2marc_consensus[0m[2m:[0m Block committed via two-round rule [3mround[0m[2m=[0m5 [3mhash[0m[2m=[0m0x9a06186de1069eedbc355706296062239585ddba4d82a47199f4329ca295952f
[2m2026-03-02T00:00:45.734904Z[0m [32m INFO[0m [2marc_node::consensus[0m[2m:[0m DAG block committed [3mround[0m[2m=[0m5 [3mhash[0m[2m=[0m0x9a06186de1069eedbc355706296062239585ddba4d82a47199f4329ca295952f [3mtxs[0m[2m=[0m0
[2m2026-03-02T00:00:45.747085Z[0m [32m INFO[0m [2marc_consensus[0m[2m:[0m Advanced to new round [3mold_round[0m[2m=[0m8 [3mnew_round[0m[2m=[0m9 [3mblocks[0m[2m=[0m1 [3mstake[0m[2m=[0m50000000
[2m2026-03-02T00:00:45.747118Z[0m [32m INFO[0m [2marc_consensus[0m[2m:[0m Block committed via two-round rule [3mround[0m[2m=[0m6 [3mhash[0m[2m=[0m0xb5e590dfe9da509476fe76a38945cd4c2f108372076a3c6d0720a964f28c17ac
[2m2026-03-02T00:00:45.747263Z[0m [32m INFO[0m [2marc_node::consensus[0m[2m:[0m DAG block committed [3mround[0m[2m=[0m6 [3mhash[0m[2m=[0m0xb5e590dfe9da509476fe76a38945cd4c2f108372076a3c6d0720a964f28c17ac [3mtxs[0m[2m=[0m0
[2m2026-03-02T00:00:45.759365Z[0m [32m INFO[0m [2marc_consensus[0m[2m:[0m Advanced to new round [3mold_round[0m[2m=[0m9 [3mnew_round[0m[2m=[0m10 [3mblocks[0m[2m=[0m1 [3mstake[0m[2m=[0m50000000
[2m2026-03-02T00:00:45.759403Z[0m [32m INFO[0m [2marc_consensus[0m[2m:[0m Block committed via two-round rule [3mround[0m[2m=[0m7 [3mhash[0m[2m=[0m0xd82e517b59c0d19e025e59ccea5d074f41521b162ce07934ab1c996f8d0ac13d
[2m2026-03-02T00:00:45.759413Z[0m [32m INFO[0m [2marc_node::consensus[0m[2m:[0m DAG block committed [3mround[0m[2m=[0m7 [3mhash[0m[2m=[0m0xd82e517b59c0d19e025e59ccea5d074f41521b162ce07934ab1c996f8d0ac13d [3mtxs[0m[2m=[0m0
[2m2026-03-02T00:00:45.772421Z[0m [32m INFO[0m [2marc_consensus[0m[2m:[0m Advanced to new round [3mold_round[0m[2m=[0m10 [3mnew_round[0m[2m=[0m11 [3mblocks[0m[2m=[0m1 [3mstake[0m[2m=[0m50000000
[2m2026-03-02T00:00:45.772443Z[0m [32m INFO[0m [2marc_consensus[0m[2m:[0m Block committed via two-round rule [3mround[0m[2m=[0m8 [3mhash[0m[2m=[0m0x78f3e8a28395977cf95859995cee59fc33df08654bed030eb642ff07720456fd
[2m2026-03-02T00:00:45.772452Z[0m [32m INFO[0m [2marc_node::consensus[0m[2m:[0m DAG block committed [3mround[0m[2m=[0m8 [3mhash[0m[2m=[0m0x78f3e8a28395977cf95859995cee59fc33df08654bed030eb642ff07720456fd [3mtxs[0m[2m=[0m0
[2m2026-03-02T00:00:45.784779Z[0m [32m INFO[0m [2marc_consensus[0m[2m:[0m Advanced to new round [3mold_round[0m[2m=[0m11 [3mnew_round[0m[2m=[0m12 [3mblocks[0m[2m=[0m1 [3mstake[0m[2m=[0m50000000
[2m2026-03-02T00:00:45.784796Z[0m [32m INFO[0m [2marc_consensus[0m[2m:[0m Block committed via two-round rule [3mround[0m[2m=[0m9 [3mhash[0m[2m=[0m0x825e94afa3e3b8546f605f538c950003b3dd2d7ee701da1dbf04a9f9af14fe3b
[2m2026-03-02T00:00:45.784803Z[0m [32m INFO[0m [2marc_node::consensus[0m[2m:[0m DAG block committed [3mround[0m[2m=[0m9 [3mhash[0m[2m=[0m0x825e94afa3e3b8546f605f538c950003b3dd2d7ee701da1dbf04a9f9af14fe3b [3mtxs[0m[2m=[0m0
[2m2026-03-02T00:00:46.035710Z[0m [32m INFO[0m [2marc_state[0m[2m:[0m Benchmark timing breakdown [3mtxs[0m[2m=[0m20000 [3msig_verify_ms[0m[2m=[0m218 [3mexecute_ms[0m[2m=[0m6 [3mmerkle_ms[0m[2m=[0m5 [3mstate_root_ms[0m[2m=[0m0 [3mstore_index_ms[0m[2m=[0m8
[2m2026-03-02T00:00:46.035748Z[0m [32m INFO[0m [2marc_node::consensus[0m[2m:[0m Signed benchmark block produced [3mheight[0m[2m=[0m1 [3mtxs[0m[2m=[0m20000 [3melapsed_ms[0m[2m=[0m237 [3mtps[0m[2m=[0m"84095"
[2m2026-03-02T00:00:46.039082Z[0m [32m INFO[0m [2marc_consensus[0m[2m:[0m Advanced to new round [3mold_round[0m[2m=[0m12 [3mnew_round[0m[2m=[0m13 [3mblocks[0m[2m=[0m1 [3mstake[0m[2m=[0m50000000
[2m2026-03-02T00:00:46.039112Z[0m [32m INFO[0m [2marc_consensus[0m[2m:[0m Block committed via two-round rule [3mround[0m[2m=[0m10 [3mhash[0m[2m=[0m0xdba0341d8c555660d87b770a404c0b2a3513acac2d5d1c9974f0517832e56e5f
[2m2026-03-02T00:00:46.039120Z[0m [32m INFO[0m [2marc_node::consensus[0m[2m:[0m DAG block committed [3mround[0m[2m=[0m10 [3mhash[0m[2m=[0m0xdba0341d8c555660d87b770a404c0b2a3513acac2d5d1c9974f0517832e56e5f [3mtxs[0m[2m=[0m0
[2m2026-03-02T00:00:46.307190Z[0m [32m INFO[0m [2marc_state[0m[2m:[0m Benchmark timing breakdown [3mtxs[0m[2m=[0m20000 [3msig_verify_ms[0m[2m=[0m225 [3mexecute_ms[0m[2m=[0m6 [3mmerkle_ms[0m[2m=[0m5 [3mstate_root_ms[0m[2m=[0m0 [3mstore_index_ms[0m[2m=[0m17
[2m2026-03-02T00:00:46.307229Z[0m [32m INFO[0m [2marc_node::consensus[0m[2m:[0m Signed benchmark block produced [3mheight[0m[2m=[0m2 [3mtxs[0m[2m=[0m20000 [3melapsed_ms[0m[2m=[0m255 [3mtps[0m[2m=[0m"78379"
[2m2026-03-02T00:00:46.310132Z[0m [32m INFO[0m [2marc_consensus[0m[2m:[0m Advanced to new round [3mold_round[0m[2m=[0m13 [3mnew_round[0m[2m=[0m14 [3mblocks[0m[2m=[0m1 [3mstake[0m[2m=[0m50000000
[2m2026-03-02T00:00:46.310172Z[0m [32m INFO[0m [2marc_consensus[0m[2m:[0m Block committed via two-round rule [3mround[0m[2m=[0m11 [3mhash[0m[2m=[0m0xa8f005ac8ffbe5c9373d6cd46f035f2c23f2ed93d94eb7ebad092a4e31f15c2b
[2m2026-03-02T00:00:46.310181Z[0m [32m INFO[0m [2marc_node::consensus[0m[2m:[0m DAG block committed [3mround[0m[2m=[0m11 [3mhash[0m[2m=[0m0xa8f005ac8ffbe5c9373d6cd46f035f2c23f2ed93d94eb7ebad092a4e31f15c2b [3mtxs[0m[2m=[0m0
[2m2026-03-02T00:00:46.697249Z[0m [32m INFO[0m [2marc_state[0m[2m:[0m Benchmark timing breakdown [3mtxs[0m[2m=[0m30000 [3msig_verify_ms[0m[2m=[0m330 [3mexecute_ms[0m[2m=[0m7 [3mmerkle_ms[0m[2m=[0m7 [3mstate_root_ms[0m[2m=[0m0 [3mstore_index_ms[0m[2m=[0m28
[2m2026-03-02T00:00:46.697279Z[0m [32m INFO[0m [2marc_node::consensus[0m[2m:[0m Signed benchmark block produced [3mheight[0m[2m=[0m3 [3mtxs[0m[2m=[0m30000 [3melapsed_ms[0m[2m=[0m373 [3mtps[0m[2m=[0m"80236"
[2m2026-03-02T00:00:46.698701Z[0m [32m INFO[0m [2marc_consensus[0m[2m:[0m Advanced to new round [3mold_round[0m[2m=[0m14 [3mnew_round[0m[2m=[0m15 [3mblocks[0m[2m=[0m1 [3mstake[0m[2m=[0m50000000
[2m2026-03-02T00:00:46.698714Z[0m [32m INFO[0m [2marc_consensus[0m[2m:[0m Block committed via two-round rule [3mround[0m[2m=[0m12 [3mhash[0m[2m=[0m0x1fedaa7c9cb0b6469de98e4804d0c7a46918e8ab8b0672896a1aab9bc7e32004
[2m2026-03-02T00:00:46.698718Z[0m [32m INFO[0m [2marc_node::consensus[0m[2m:[0m DAG block committed [3mround[0m[2m=[0m12 [3mhash[0m[2m=[0m0x1fedaa7c9cb0b6469de98e4804d0c7a46918e8ab8b0672896a1aab9bc7e32004 [3mtxs[0m[2m=[0m0
[2m2026-03-02T00:00:47.278850Z[0m [32m INFO[0m [2marc_state[0m[2m:[0m Benchmark timing breakdown [3mtxs[0m[2m=[0m50000 [3msig_verify_ms[0m[2m=[0m510 [3mexecute_ms[0m[2m=[0m17 [3mmerkle_ms[0m[2m=[0m15 [3mstate_root_ms[0m[2m=[0m0 [3mstore_index_ms[0m[2m=[0m22
[2m2026-03-02T00:00:47.278993Z[0m [32m INFO[0m [2marc_node::consensus[0m[2m:[0m Signed benchmark block produced [3mheight[0m[2m=[0m4 [3mtxs[0m[2m=[0m50000 [3melapsed_ms[0m[2m=[0m566 [3mtps[0m[2m=[0m"88330"
[2m2026-03-02T00:00:47.286494Z[0m [32m INFO[0m [2marc_consensus[0m[2m:[0m Advanced to new round [3mold_round[0m[2m=[0m15 [3mnew_round[0m[2m=[0m16 [3mblocks[0m[2m=[0m1 [3mstake[0m[2m=[0m50000000
[2m2026-03-02T00:00:47.286539Z[0m [32m INFO[0m [2marc_consensus[0m[2m:[0m Block committed via two-round rule [3mround[0m[2m=[0m13 [3mhash[0m[2m=[0m0x9fb1dcfac6a552f7ef72a097424028c0609c47964fa9c4abb3cbab6b72349fb8
[2m2026-03-02T00:00:47.286550Z[0m [32m INFO[0m [2marc_node::consensus[0m[2m:[0m DAG block committed [3mround[0m[2m=[0m13 [3mhash[0m[2m=[0m0x9fb1dcfac6a552f7ef72a097424028c0609c47964fa9c4abb3cbab6b72349fb8 [3mtxs[0m[2m=[0m0
[2m2026-03-02T00:00:48.018673Z[0m [32m INFO[0m [2marc_state[0m[2m:[0m Benchmark timing breakdown [3mtxs[0m[2m=[0m60000 [3msig_verify_ms[0m[2m=[0m662 [3mexecute_ms[0m[2m=[0m18 [3mmerkle_ms[0m[2m=[0m18 [3mstate_root_ms[0m[2m=[0m0 [3mstore_index_ms[0m[2m=[0m18
[2m2026-03-02T00:00:48.018713Z[0m [32m INFO[0m [2marc_node::consensus[0m[2m:[0m Signed benchmark block produced [3mheight[0m[2m=[0m5 [3mtxs[0m[2m=[0m60000 [3melapsed_ms[0m[2m=[0m717 [3mtps[0m[2m=[0m"83586"
[2m2026-03-02T00:00:48.028539Z[0m [32m INFO[0m [2marc_consensus[0m[2m:[0m Advanced to new round [3mold_round[0m[2m=[0m16 [3mnew_round[0m[2m=[0m17 [3mblocks[0m[2m=[0m1 [3mstake[0m[2m=[0m50000000
[2m2026-03-02T00:00:48.028577Z[0m [32m INFO[0m [2marc_consensus[0m[2m:[0m Block committed via two-round rule [3mround[0m[2m=[0m14 [3mhash[0m[2m=[0m0x7a97cd98666dc12b19e8f1ac76762202c38355ac25fb3f757d056c9d87648f21
[2m2026-03-02T00:00:48.028601Z[0m [32m INFO[0m [2marc_node::consensus[0m[2m:[0m DAG block committed [3mround[0m[2m=[0m14 [3mhash[0m[2m=[0m0x7a97cd98666dc12b19e8f1ac76762202c38355ac25fb3f757d056c9d87648f21 [3mtxs[0m[2m=[0m0
[2m2026-03-02T00:00:49.173225Z[0m [32m INFO[0m [2marc_state[0m[2m:[0m Benchmark timing breakdown [3mtxs[0m[2m=[0m90000 [3msig_verify_ms[0m[2m=[0m1048 [3mexecute_ms[0m[2m=[0m14 [3mmerkle_ms[0m[2m=[0m16 [3mstate_root_ms[0m[2m=[0m0 [3mstore_index_ms[0m[2m=[0m48
[2m2026-03-02T00:00:49.173268Z[0m [32m INFO[0m [2marc_node::consensus[0m[2m:[0m Signed benchmark block produced [3mheight[0m[2m=[0m6 [3mtxs[0m[2m=[0m90000 [3melapsed_ms[0m[2m=[0m1129 [3mtps[0m[2m=[0m"79702"
[2m2026-03-02T00:00:49.182621Z[0m [32m INFO[0m [2marc_consensus[0m[2m:[0m Advanced to new round [3mold_round[0m[2m=[0m17 [3mnew_round[0m[2m=[0m18 [3mblocks[0m[2m=[0m1 [3mstake[0m[2m=[0m50000000
[2m2026-03-02T00:00:49.182664Z[0m [32m INFO[0m [2marc_consensus[0m[2m:[0m Block committed via two-round rule [3mround[0m[2m=[0m15 [3mhash[0m[2m=[0m0x4c547fa8a47203e7766e604bbd764916b44740395eaf6c2a3537788281fc0bd4
[2m2026-03-02T00:00:49.182674Z[0m [32m INFO[0m [2marc_node::consensus[0m[2m:[0m DAG block committed [3mround[0m[2m=[0m15 [3mhash[0m[2m=[0m0x4c547fa8a47203e7766e604bbd764916b44740395eaf6c2a3537788281fc0bd4 [3mtxs[0m[2m=[0m0
[2m2026-03-02T00:00:50.304275Z[0m [32m INFO[0m [2marc_state[0m[2m:[0m Benchmark timing breakdown [3mtxs[0m[2m=[0m100000 [3msig_verify_ms[0m[2m=[0m1041 [3mexecute_ms[0m[2m=[0m19 [3mmerkle_ms[0m[2m=[0m12 [3mstate_root_ms[0m[2m=[0m0 [3mstore_index_ms[0m[2m=[0m31
[2m2026-03-02T00:00:50.304315Z[0m [32m INFO[0m [2marc_node::consensus[0m[2m:[0m Signed benchmark block produced [3mheight[0m[2m=[0m7 [3mtxs[0m[2m=[0m100000 [3melapsed_ms[0m[2m=[0m1105 [3mtps[0m[2m=[0m"90467"
[2m2026-03-02T00:00:50.312034Z[0m [32m INFO[0m [2marc_consensus[0m[2m:[0m Advanced to new round [3mold_round[0m[2m=[0m18 [3mnew_round[0m[2m=[0m19 [3mblocks[0m[2m=[0m1 [3mstake[0m[2m=[0m50000000
[2m2026-03-02T00:00:50.312079Z[0m [32m INFO[0m [2marc_consensus[0m[2m:[0m Block committed via two-round rule [3mround[0m[2m=[0m16 [3mhash[0m[2m=[0m0x4c56b393290ad5e98e926f79f1316dddf132b7ded4935784ad90253c70e464eb
[2m2026-03-02T00:00:50.312090Z[0m [32m INFO[0m [2marc_node::consensus[0m[2m:[0m DAG block committed [3mround[0m[2m=[0m16 [3mhash[0m[2m=[0m0x4c56b393290ad5e98e926f79f1316dddf132b7ded4935784ad90253c70e464eb [3mtxs[0m[2m=[0m0
[2m2026-03-02T00:00:51.782793Z[0m [32m INFO[0m [2marc_state[0m[2m:[0m Benchmark timing breakdown [3mtxs[0m[2m=[0m120000 [3msig_verify_ms[0m[2m=[0m1314 [3mexecute_ms[0m[2m=[0m19 [3mmerkle_ms[0m[2m=[0m27 [3mstate_root_ms[0m[2m=[0m0 [3mstore_index_ms[0m[2m=[0m93
[2m2026-03-02T00:00:51.782837Z[0m [32m INFO[0m [2marc_node::consensus[0m[2m:[0m Signed benchmark block produced [3mheight[0m[2m=[0m8 [3mtxs[0m[2m=[0m120000 [3melapsed_ms[0m[2m=[0m1454 [3mtps[0m[2m=[0m"82476"
[2m2026-03-02T00:00:51.794539Z[0m [32m INFO[0m [2marc_consensus[0m[2m:[0m Advanced to new round [3mold_round[0m[2m=[0m19 [3mnew_round[0m[2m=[0m20 [3mblocks[0m[2m=[0m1 [3mstake[0m[2m=[0m50000000
[2m2026-03-02T00:00:51.794585Z[0m [32m INFO[0m [2marc_consensus[0m[2m:[0m Block committed via two-round rule [3mround[0m[2m=[0m17 [3mhash[0m[2m=[0m0xa6f560e46c4520381bf0fed75f808a02bb3df64b5ebc7f780808c6b4d1e134ae
[2m2026-03-02T00:00:51.794596Z[0m [32m INFO[0m [2marc_node::consensus[0m[2m:[0m DAG block committed [3mround[0m[2m=[0m17 [3mhash[0m[2m=[0m0xa6f560e46c4520381bf0fed75f808a02bb3df64b5ebc7f780808c6b4d1e134ae [3mtxs[0m[2m=[0m0
[2m2026-03-02T00:00:53.490093Z[0m [32m INFO[0m [2marc_state[0m[2m:[0m Benchmark timing breakdown [3mtxs[0m[2m=[0m160000 [3msig_verify_ms[0m[2m=[0m1564 [3mexecute_ms[0m[2m=[0m27 [3mmerkle_ms[0m[2m=[0m13 [3mstate_root_ms[0m[2m=[0m0 [3mstore_index_ms[0m[2m=[0m73
[2m2026-03-02T00:00:53.490151Z[0m [32m INFO[0m [2marc_node::consensus[0m[2m:[0m Signed benchmark block produced [3mheight[0m[2m=[0m9 [3mtxs[0m[2m=[0m160000 [3melapsed_ms[0m[2m=[0m1679 [3mtps[0m[2m=[0m"95273"
[2m2026-03-02T00:00:53.503161Z[0m [32m INFO[0m [2marc_consensus[0m[2m:[0m Advanced to new round [3mold_round[0m[2m=[0m20 [3mnew_round[0m[2m=[0m21 [3mblocks[0m[2m=[0m1 [3mstake[0m[2m=[0m50000000
[2m2026-03-02T00:00:53.503216Z[0m [32m INFO[0m [2marc_consensus[0m[2m:[0m Block committed via two-round rule [3mround[0m[2m=[0m18 [3mhash[0m[2m=[0m0xd60617839970deb666e93f6c51686e1157bb35440672764a7a3b812975afd815
[2m2026-03-02T00:00:53.503228Z[0m [32m INFO[0m [2marc_node::consensus[0m[2m:[0m DAG block committed [3mround[0m[2m=[0m18 [3mhash[0m[2m=[0m0xd60617839970deb666e93f6c51686e1157bb35440672764a7a3b812975afd815 [3mtxs[0m[2m=[0m0
[2m2026-03-02T00:00:55.780518Z[0m [32m INFO[0m [2marc_state[0m[2m:[0m Benchmark timing breakdown [3mtxs[0m[2m=[0m190000 [3msig_verify_ms[0m[2m=[0m2112 [3mexecute_ms[0m[2m=[0m33 [3mmerkle_ms[0m[2m=[0m36 [3mstate_root_ms[0m[2m=[0m0 [3mstore_index_ms[0m[2m=[0m74
[2m2026-03-02T00:00:55.780553Z[0m [32m INFO[0m [2marc_node::consensus[0m[2m:[0m Signed benchmark block produced [3mheight[0m[2m=[0m10 [3mtxs[0m[2m=[0m190000 [3melapsed_ms[0m[2m=[0m2257 [3mtps[0m[2m=[0m"84150"
[2m2026-03-02T00:00:55.794268Z[0m [32m INFO[0m [2marc_consensus[0m[2m:[0m Advanced to new round [3mold_round[0m[2m=[0m21 [3mnew_round[0m[2m=[0m22 [3mblocks[0m[2m=[0m1 [3mstake[0m[2m=[0m50000000
[2m2026-03-02T00:00:55.794316Z[0m [32m INFO[0m [2marc_consensus[0m[2m:[0m Block committed via two-round rule [3mround[0m[2m=[0m19 [3mhash[0m[2m=[0m0x0e14ef4776f72c289ee921b78c953f25085f4c28261dc11edee62648f1d688b3
[2m2026-03-02T00:00:55.794326Z[0m [32m INFO[0m [2marc_node::consensus[0m[2m:[0m DAG block committed [3mround[0m[2m=[0m19 [3mhash[0m[2m=[0m0x0e14ef4776f72c289ee921b78c953f25085f4c28261dc11edee62648f1d688b3 [3mtxs[0m[2m=[0m0
[2m2026-03-02T00:00:59.155878Z[0m [32m INFO[0m [2marc_state[0m[2m:[0m Benchmark timing breakdown [3mtxs[0m[2m=[0m260000 [3msig_verify_ms[0m[2m=[0m2994 [3mexecute_ms[0m[2m=[0m61 [3mmerkle_ms[0m[2m=[0m28 [3mstate_root_ms[0m[2m=[0m0 [3mstore_index_ms[0m[2m=[0m256
[2m2026-03-02T00:00:59.156628Z[0m [32m INFO[0m [2marc_node::consensus[0m[2m:[0m Signed benchmark block produced [3mheight[0m[2m=[0m11 [3mtxs[0m[2m=[0m260000 [3melapsed_ms[0m[2m=[0m3341 [3mtps[0m[2m=[0m"77816"
[2m2026-03-02T00:00:59.180992Z[0m [32m INFO[0m [2marc_consensus[0m[2m:[0m Advanced to new round [3mold_round[0m[2m=[0m22 [3mnew_round[0m[2m=[0m23 [3mblocks[0m[2m=[0m1 [3mstake[0m[2m=[0m50000000
[2m2026-03-02T00:00:59.181066Z[0m [32m INFO[0m [2marc_consensus[0m[2m:[0m Block committed via two-round rule [3mround[0m[2m=[0m20 [3mhash[0m[2m=[0m0x9b92ebf6195871e278e7f463862f5b3afa0cad8377a61cba9371298cfacd4006
[2m2026-03-02T00:00:59.181126Z[0m [32m INFO[0m [2marc_node::consensus[0m[2m:[0m DAG block committed [3mround[0m[2m=[0m20 [3mhash[0m[2m=[0m0x9b92ebf6195871e278e7f463862f5b3afa0cad8377a61cba9371298cfacd4006 [3mtxs[0m[2m=[0m0
[2m2026-03-02T00:01:03.642489Z[0m [32m INFO[0m [2marc_state[0m[2m:[0m Benchmark timing breakdown [3mtxs[0m[2m=[0m380000 [3msig_verify_ms[0m[2m=[0m4178 [3mexecute_ms[0m[2m=[0m53 [3mmerkle_ms[0m[2m=[0m30 [3mstate_root_ms[0m[2m=[0m0 [3mstore_index_ms[0m[2m=[0m167
[2m2026-03-02T00:01:03.643140Z[0m [32m INFO[0m [2marc_node::consensus[0m[2m:[0m Signed benchmark block produced [3mheight[0m[2m=[0m12 [3mtxs[0m[2m=[0m380000 [3melapsed_ms[0m[2m=[0m4431 [3mtps[0m[2m=[0m"85755"
[2m2026-03-02T00:01:03.669992Z[0m [32m INFO[0m [2marc_consensus[0m[2m:[0m Advanced to new round [3mold_round[0m[2m=[0m23 [3mnew_round[0m[2m=[0m24 [3mblocks[0m[2m=[0m1 [3mstake[0m[2m=[0m50000000
[2m2026-03-02T00:01:03.670044Z[0m [32m INFO[0m [2marc_consensus[0m[2m:[0m Block committed via two-round rule [3mround[0m[2m=[0m21 [3mhash[0m[2m=[0m0x9656bebfd1852e0f319adb3ae9a7851d5432f75943e19e7e905f1396293ef021
[2m2026-03-02T00:01:03.670050Z[0m [32m INFO[0m [2marc_node::consensus[0m[2m:[0m DAG block committed [3mround[0m[2m=[0m21 [3mhash[0m[2m=[0m0x9656bebfd1852e0f319adb3ae9a7851d5432f75943e19e7e905f1396293ef021 [3mtxs[0m[2m=[0m0
[2m2026-03-02T00:01:10.435567Z[0m [32m INFO[0m [2marc_state[0m[2m:[0m Benchmark timing breakdown [3mtxs[0m[2m=[0m470000 [3msig_verify_ms[0m[2m=[0m5632 [3mexecute_ms[0m[2m=[0m67 [3mmerkle_ms[0m[2m=[0m35 [3mstate_root_ms[0m[2m=[0m0 [3mstore_index_ms[0m[2m=[0m1001
[2m2026-03-02T00:01:10.435814Z[0m [32m INFO[0m [2marc_node::consensus[0m[2m:[0m Signed benchmark block produced [3mheight[0m[2m=[0m13 [3mtxs[0m[2m=[0m470000 [3melapsed_ms[0m[2m=[0m6736 [3mtps[0m[2m=[0m"69765"
[2m2026-03-02T00:01:10.496473Z[0m [32m INFO[0m [2marc_consensus[0m[2m:[0m Advanced to new round [3mold_round[0m[2m=[0m24 [3mnew_round[0m[2m=[0m25 [3mblocks[0m[2m=[0m1 [3mstake[0m[2m=[0m50000000
[2m2026-03-02T00:01:10.496535Z[0m [32m INFO[0m [2marc_consensus[0m[2m:[0m Block committed via two-round rule [3mround[0m[2m=[0m22 [3mhash[0m[2m=[0m0x75136105a77346262bafc389db6aa67af2c4888614b585c1f5b59fe7c6402957
[2m2026-03-02T00:01:10.496551Z[0m [32m INFO[0m [2marc_node::consensus[0m[2m:[0m DAG block committed [3mround[0m[2m=[0m22 [3mhash[0m[2m=[0m0x75136105a77346262bafc389db6aa67af2c4888614b585c1f5b59fe7c6402957 [3mtxs[0m[2m=[0m0
[2m2026-03-02T00:01:18.114676Z[0m [32m INFO[0m [2marc_state[0m[2m:[0m Benchmark timing breakdown [3mtxs[0m[2m=[0m660000 [3msig_verify_ms[0m[2m=[0m7084 [3mexecute_ms[0m[2m=[0m95 [3mmerkle_ms[0m[2m=[0m29 [3mstate_root_ms[0m[2m=[0m0 [3mstore_index_ms[0m[2m=[0m318
[2m2026-03-02T00:01:18.115237Z[0m [32m INFO[0m [2marc_node::consensus[0m[2m:[0m Signed benchmark block produced [3mheight[0m[2m=[0m14 [3mtxs[0m[2m=[0m660000 [3melapsed_ms[0m[2m=[0m7528 [3mtps[0m[2m=[0m"87670"
[2m2026-03-02T00:01:18.154826Z[0m [32m INFO[0m [2marc_consensus[0m[2m:[0m Advanced to new round [3mold_round[0m[2m=[0m25 [3mnew_round[0m[2m=[0m26 [3mblocks[0m[2m=[0m1 [3mstake[0m[2m=[0m50000000
[2m2026-03-02T00:01:18.154866Z[0m [32m INFO[0m [2marc_consensus[0m[2m:[0m Block committed via two-round rule [3mround[0m[2m=[0m23 [3mhash[0m[2m=[0m0x875e331fa6d9d4a33adc67328db9ddc4bd2ca086e0f1f80198c737ce1c434d10
[2m2026-03-02T00:01:18.154872Z[0m [32m INFO[0m [2marc_node::consensus[0m[2m:[0m DAG block committed [3mround[0m[2m=[0m23 [3mhash[0m[2m=[0m0x875e331fa6d9d4a33adc67328db9ddc4bd2ca086e0f1f80198c737ce1c434d10 [3mtxs[0m[2m=[0m0
[2m2026-03-02T00:01:25.290651Z[0m [32m INFO[0m [2marc_state[0m[2m:[0m Benchmark timing breakdown [3mtxs[0m[2m=[0m660000 [3msig_verify_ms[0m[2m=[0m6794 [3mexecute_ms[0m[2m=[0m92 [3mmerkle_ms[0m[2m=[0m33 [3mstate_root_ms[0m[2m=[0m0 [3mstore_index_ms[0m[2m=[0m164
[2m2026-03-02T00:01:25.290918Z[0m [32m INFO[0m [2marc_node::consensus[0m[2m:[0m Signed benchmark block produced [3mheight[0m[2m=[0m15 [3mtxs[0m[2m=[0m660000 [3melapsed_ms[0m[2m=[0m7085 [3mtps[0m[2m=[0m"93148"
[2m2026-03-02T00:01:25.327620Z[0m [32m INFO[0m [2marc_consensus[0m[2m:[0m Advanced to new round [3mold_round[0m[2m=[0m26 [3mnew_round[0m[2m=[0m27 [3mblocks[0m[2m=[0m1 [3mstake[0m[2m=[0m50000000
[2m2026-03-02T00:01:25.327664Z[0m [32m INFO[0m [2marc_consensus[0m[2m:[0m Block committed via two-round rule [3mround[0m[2m=[0m24 [3mhash[0m[2m=[0m0x8b9ae200ef5644e9df15837523483c822c04159aeab604d887b503cc1e71762a
[2m2026-03-02T00:01:25.327673Z[0m [32m INFO[0m [2marc_node::consensus[0m[2m:[0m DAG block committed [3mround[0m[2m=[0m24 [3mhash[0m[2m=[0m0x8b9ae200ef5644e9df15837523483c822c04159aeab604d887b503cc1e71762a [3mtxs[0m[2m=[0m0
[2m2026-03-02T00:01:37.060049Z[0m [32m INFO[0m [2marc_state[0m[2m:[0m Benchmark timing breakdown [3mtxs[0m[2m=[0m660000 [3msig_verify_ms[0m[2m=[0m6964 [3mexecute_ms[0m[2m=[0m81 [3mmerkle_ms[0m[2m=[0m32 [3mstate_root_ms[0m[2m=[0m0 [3mstore_index_ms[0m[2m=[0m4612
[2m2026-03-02T00:01:37.060297Z[0m [32m INFO[0m [2marc_node::consensus[0m[2m:[0m Signed benchmark block produced [3mheight[0m[2m=[0m16 [3mtxs[0m[2m=[0m660000 [3melapsed_ms[0m[2m=[0m11690 [3mtps[0m[2m=[0m"56454"
[2m2026-03-02T00:01:37.348458Z[0m [32m INFO[0m [2marc_consensus[0m[2m:[0m Advanced to new round [3mold_round[0m[2m=[0m27 [3mnew_round[0m[2m=[0m28 [3mblocks[0m[2m=[0m1 [3mstake[0m[2m=[0m50000000
[2m2026-03-02T00:01:37.348555Z[0m [32m INFO[0m [2marc_consensus[0m[2m:[0m Block committed via two-round rule [3mround[0m[2m=[0m25 [3mhash[0m[2m=[0m0xa5379dc9f0d80867917e73e37523d3067460b6f2b67f1572093509bfd493aa45
[2m2026-03-02T00:01:37.348582Z[0m [32m INFO[0m [2marc_node::consensus[0m[2m:[0m DAG block committed [3mround[0m[2m=[0m25 [3mhash[0m[2m=[0m0xa5379dc9f0d80867917e73e37523d3067460b6f2b67f1572093509bfd493aa45 [3mtxs[0m[2m=[0m0
[2m2026-03-02T00:01:52.849723Z[0m [32m INFO[0m [2marc_state[0m[2m:[0m Benchmark timing breakdown [3mtxs[0m[2m=[0m680000 [3msig_verify_ms[0m[2m=[0m7710 [3mexecute_ms[0m[2m=[0m114 [3mmerkle_ms[0m[2m=[0m42 [3mstate_root_ms[0m[2m=[0m0 [3mstore_index_ms[0m[2m=[0m7395
[2m2026-03-02T00:01:52.850341Z[0m [32m INFO[0m [2marc_node::consensus[0m[2m:[0m Signed benchmark block produced [3mheight[0m[2m=[0m17 [3mtxs[0m[2m=[0m680000 [3melapsed_ms[0m[2m=[0m15264 [3mtps[0m[2m=[0m"44549"
[2m2026-03-02T00:01:53.252874Z[0m [32m INFO[0m [2marc_consensus[0m[2m:[0m Advanced to new round [3mold_round[0m[2m=[0m28 [3mnew_round[0m[2m=[0m29 [3mblocks[0m[2m=[0m1 [3mstake[0m[2m=[0m50000000
[2m2026-03-02T00:01:53.252947Z[0m [32m INFO[0m [2marc_consensus[0m[2m:[0m Block committed via two-round rule [3mround[0m[2m=[0m26 [3mhash[0m[2m=[0m0xb4152d3ba6c3d9e37b4cb31dd9361688b2deab21d1d0b47c443b09b2cbabc422
[2m2026-03-02T00:01:53.252969Z[0m [32m INFO[0m [2marc_node::consensus[0m[2m:[0m DAG block committed [3mround[0m[2m=[0m26 [3mhash[0m[2m=[0m0xb4152d3ba6c3d9e37b4cb31dd9361688b2deab21d1d0b47c443b09b2cbabc422 [3mtxs[0m[2m=[0m0
[2m2026-03-02T00:02:11.685426Z[0m [32m INFO[0m [2marc_state[0m[2m:[0m Benchmark timing breakdown [3mtxs[0m[2m=[0m700000 [3msig_verify_ms[0m[2m=[0m7680 [3mexecute_ms[0m[2m=[0m110 [3mmerkle_ms[0m[2m=[0m41 [3mstate_root_ms[0m[2m=[0m0 [3mstore_index_ms[0m[2m=[0m10155
[2m2026-03-02T00:02:11.685568Z[0m [32m INFO[0m [2marc_node::consensus[0m[2m:[0m Signed benchmark block produced [3mheight[0m[2m=[0m18 [3mtxs[0m[2m=[0m700000 [3melapsed_ms[0m[2m=[0m17989 [3mtps[0m[2m=[0m"38911"
[2m2026-03-02T00:02:11.940779Z[0m [32m INFO[0m [2marc_consensus[0m[2m:[0m Advanced to new round [3mold_round[0m[2m=[0m29 [3mnew_round[0m[2m=[0m30 [3mblocks[0m[2m=[0m1 [3mstake[0m[2m=[0m50000000
[2m2026-03-02T00:02:11.940892Z[0m [32m INFO[0m [2marc_consensus[0m[2m:[0m Block committed via two-round rule [3mround[0m[2m=[0m27 [3mhash[0m[2m=[0m0x0fe8f4388213c9f24887ad171e2c54129cb0ef3e09ede8d596ec1b8c7d464aed
[2m2026-03-02T00:02:11.940915Z[0m [32m INFO[0m [2marc_node::consensus[0m[2m:[0m DAG block committed [3mround[0m[2m=[0m27 [3mhash[0m[2m=[0m0x0fe8f4388213c9f24887ad171e2c54129cb0ef3e09ede8d596ec1b8c7d464aed [3mtxs[0m[2m=[0m0
[2m2026-03-02T00:02:34.438876Z[0m [32m INFO[0m [2marc_state[0m[2m:[0m Benchmark timing breakdown [3mtxs[0m[2m=[0m680000 [3msig_verify_ms[0m[2m=[0m7200 [3mexecute_ms[0m[2m=[0m139 [3mmerkle_ms[0m[2m=[0m51 [3mstate_root_ms[0m[2m=[0m0 [3mstore_index_ms[0m[2m=[0m14806
[2m2026-03-02T00:02:34.440195Z[0m [32m INFO[0m [2marc_node::consensus[0m[2m:[0m Signed benchmark block produced [3mheight[0m[2m=[0m19 [3mtxs[0m[2m=[0m680000 [3melapsed_ms[0m[2m=[0m22198 [3mtps[0m[2m=[0m"30633"
[2m2026-03-02T00:02:34.863160Z[0m [32m INFO[0m [2marc_consensus[0m[2m:[0m Advanced to new round [3mold_round[0m[2m=[0m30 [3mnew_round[0m[2m=[0m31 [3mblocks[0m[2m=[0m1 [3mstake[0m[2m=[0m50000000
[2m2026-03-02T00:02:34.863230Z[0m [32m INFO[0m [2marc_consensus[0m[2m:[0m Block committed via two-round rule [3mround[0m[2m=[0m28 [3mhash[0m[2m=[0m0x81d1bf2825ff73cd54c6aaa16d0c4fab14756d174151a6df59a9a1b807ca73dd
[2m2026-03-02T00:02:34.863274Z[0m [32m INFO[0m [2marc_node::consensus[0m[2m:[0m DAG block committed [3mround[0m[2m=[0m28 [3mhash[0m[2m=[0m0x81d1bf2825ff73cd54c6aaa16d0c4fab14756d174151a6df59a9a1b807ca73dd [3mtxs[0m[2m=[0m0
