[2m2026-03-02T00:00:45.638513Z[0m [32m INFO[0m [2marc_node[0m[2m:[0m ╔═══════════════════════════════════════╗
[2m2026-03-02T00:00:45.638560Z[0m [32m INFO[0m [2marc_node[0m[2m:[0m ║   ARC Chain — Agent Runtime Chain     ║
[2m2026-03-02T00:00:45.638566Z[0m [32m INFO[0m [2marc_node[0m[2m:[0m ║   Testnet Node v0.1.0                 ║
[2m2026-03-02T00:00:45.638570Z[0m [32m INFO[0m [2marc_node[0m[2m:[0m ╚═══════════════════════════════════════╝
[2m2026-03-02T00:00:45.638574Z[0m [32m INFO[0m [2marc_node[0m[2m:[0m Validator  : 0xdf81b19cd808cb5d55793bf2ca12800dab4a39696ac978f4e8524a64dde6ec70
[2m2026-03-02T00:00:45.638583Z[0m [32m INFO[0m [2marc_node[0m[2m:[0m Seed       : arc-soak-validator-2
[2m2026-03-02T00:00:45.638587Z[0m [32m INFO[0m [2marc_node[0m[2m:[0m Stake      : 50000000 ARC (Core)
[2m2026-03-02T00:00:45.638590Z[0m [32m INFO[0m [2marc_node[0m[2m:[0m RPC        : 127.0.0.1:9092
[2m2026-03-02T00:00:45.638594Z[0m [32m INFO[0m [2marc_node[0m[2m:[0m P2P port   : 9102
[2m2026-03-02T00:00:45.638597Z[0m [32m INFO[0m [2marc_node[0m[2m:[0m Data dir   : ./arc-data
[2m2026-03-02T00:00:45.638600Z[0m [32m INFO[0m [2marc_node[0m[2m:[0m Peers      : ["127.0.0.1:9100", "127.0.0.1:9101"]
[2m2026-03-02T00:00:45.640981Z[0m [32m INFO[0m [2marc_state[0m[2m:[0m Benchmark indexer started (4 threads)
[2m2026-03-02T00:00:45.641244Z[0m [32m INFO[0m [2marc_net::transport[0m[2m:[0m P2P transport listening on 0.0.0.0:9102
[2m2026-03-02T00:00:45.641260Z[0m [32m INFO[0m [2marc_net::transport[0m[2m:[0m Dialing bootstrap peer 127.0.0.1:9100
[2m2026-03-02T00:00:45.641479Z[0m [32m INFO[0m [2marc_node::benchmark[0m[2m:[0m Benchmark signing pool started [3mthreads[0m[2m=[0m2 [3msenders[0m[2m=[0m"20-29" [3mbatch_size[0m[2m=[0m10000
[2m2026-03-02T00:00:45.641488Z[0m [32m INFO[0m [2marc_node[0m[2m:[0m Benchmark mode ACTIVE — ed25519 signed txs, senders 20-29, async indexing
[2m2026-03-02T00:00:45.641491Z[0m [32m INFO[0m [2marc_consensus[0m[2m:[0m ConsensusEngine initialized with signing keypair [3mepoch[0m[2m=[0m0 [3mvalidators[0m[2m=[0m1 [3mtotal_stake[0m[2m=[0m50000000 [3mquorum[0m[2m=[0m33333334
[2m2026-03-02T00:00:45.641499Z[0m [32m INFO[0m [2marc_node::consensus[0m[2m:[0m ConsensusManager initialized (signed block mode) [3maddress[0m[2m=[0m0xdf81b19cd808cb5d55793bf2ca12800dab4a39696ac978f4e8524a64dde6ec70 [3mstake[0m[2m=[0m50000000 [3mtier[0m[2m=[0mCore [3mshards[0m[2m=[0m4
[2m2026-03-02T00:00:45.641505Z[0m [32m INFO[0m [2marc_node[0m[2m:[0m ETH RPC    : 0.0.0.0:8547 (MetaMask/Hardhat/Foundry)
[2m2026-03-02T00:00:45.641517Z[0m [32m INFO[0m [2marc_node[0m[2m:[0m RPC server listening on 127.0.0.1:9092
[2m2026-03-02T00:00:45.641727Z[0m [32m INFO[0m [2marc_node::consensus[0m[2m:[0m Consensus loop started [3mtier[0m[2m=[0mCore [3maddress[0m[2m=[0m0xdf81b19cd808cb5d55793bf2ca12800dab4a39696ac978f4e8524a64dde6ec70 [3mmulti_validator[0m[2m=[0mfalse [3mvalidators[0m[2m=[0m1
[2m2026-03-02T00:00:45.654359Z[0m [32m INFO[0m [2marc_consensus[0m[2m:[0m Advanced to new round [3mold_round[0m[2m=[0m0 [3mnew_round[0m[2m=[0m1 [3mblocks[0m[2m=[0m1 [3mstake[0m[2m=[0m50000000
[2m2026-03-02T00:00:45.666478Z[0m [32m INFO[0m [2marc_consensus[0m[2m:[0m Advanced to new round [3mold_round[0m[2m=[0m1 [3mnew_round[0m[2m=[0m2 [3mblocks[0m[2m=[0m1 [3mstake[0m[2m=[0m50000000
[2m2026-03-02T00:00:45.678590Z[0m [32m INFO[0m [2marc_consensus[0m[2m:[0m Advanced to new round [3mold_round[0m[2m=[0m2 [3mnew_round[0m[2m=[0m3 [3mblocks[0m[2m=[0m1 [3mstake[0m[2m=[0m50000000
[2m2026-03-02T00:00:45.678617Z[0m [32m INFO[0m [2marc_consensus[0m[2m:[0m Block committed via two-round rule [3mround[0m[2m=[0m0 [3mhash[0m[2m=[0m0xf9b1169d72ea02afe98cf5cc20d01ceb42d71d3756a555672c898528407a90a8
[2m2026-03-02T00:00:45.678637Z[0m [32m INFO[0m [2marc_node::consensus[0m[2m:[0m DAG block committed [3mround[0m[2m=[0m0 [3mhash[0m[2m=[0m0xf9b1169d72ea02afe98cf5cc20d01ceb42d71d3756a555672c898528407a90a8 [3mtxs[0m[2m=[0m0
[2m2026-03-02T00:00:45.690349Z[0m [32m INFO[0m [2marc_consensus[0m[2m:[0m Advanced to new round [3mold_round[0m[2m=[0m3 [3mnew_round[0m[2m=[0m4 [3mblocks[0m[2m=[0m1 [3mstake[0m[2m=[0m50000000
[2m2026-03-02T00:00:45.690383Z[0m [32m INFO[0m [2marc_consensus[0m[2m:[0m Block committed via two-round rule [3mround[0m[2m=[0m1 [3mhash[0m[2m=[0m0x6df77fe305d67b8a5a849b99d2616c47e1e3f3a0b154866afdb8d7dd06b19955
[2m2026-03-02T00:00:45.690401Z[0m [32m INFO[0m [2marc_node::consensus[0m[2m:[0m DAG block committed [3mround[0m[2m=[0m1 [3mhash[0m[2m=[0m0x6df77fe305d67b8a5a849b99d2616c47e1e3f3a0b154866afdb8d7dd06b19955 [3mtxs[0m[2m=[0m0
[2m2026-03-02T00:00:45.702507Z[0m [32m INFO[0m [2marc_consensus[0m[2m:[0m Advanced to new round [3mold_round[0m[2m=[0m4 [3mnew_round[0m[2m=[0m5 [3mblocks[0m[2m=[0m1 [3mstake[0m[2m=[0m50000000
[2m2026-03-02T00:00:45.702538Z[0m [32m INFO[0m [2marc_consensus[0m[2m:[0m Block committed via two-round rule [3mround[0m[2m=[0m2 [3mhash[0m[2m=[0m0xca393b4beaf0464abb18f12d2402af32e4d356bef487a9dd63d4ef773f996b44
[2m2026-03-02T00:00:45.702546Z[0m [32m INFO[0m [2marc_node::consensus[0m[2m:[0m DAG block committed [3mround[0m[2m=[0m2 [3mhash[0m[2m=[0m0xca393b4beaf0464abb18f12d2402af32e4d356bef487a9dd63d4ef773f996b44 [3mtxs[0m[2m=[0m0
[2m2026-03-02T00:00:45.714656Z[0m [32m INFO[0m [2marc_consensus[0m[2m:[0m Advanced to new round [3mold_round[0m[2m=[0m5 [3mnew_round[0m[2m=[0m6 [3mblocks[0m[2m=[0m1 [3mstake[0m[2m=[0m50000000
[2m2026-03-02T00:00:45.714678Z[0m [32m INFO[0m [2marc_consensus[0m[2m:[0m Block committed via two-round rule [3mround[0m[2m=[0m3 [3mhash[0m[2m=[0m0xce73e343cb97fb982d52ae2704a3ad5c822ba885bd808c4a83bc4b304f616e9e
[2m2026-03-02T00:00:45.714686Z[0m [32m INFO[0m [2marc_node::consensus[0m[2m:[0m DAG block committed [3mround[0m[2m=[0m3 [3mhash[0m[2m=[0m0xce73e343cb97fb982d52ae2704a3ad5c822ba885bd808c4a83bc4b304f616e9e [3mtxs[0m[2m=[0m0
[2m2026-03-02T00:00:45.725939Z[0m [32m INFO[0m [2marc_consensus[0m[2m:[0m Advanced to new round [3mold_round[0m[2m=[0m6 [3mnew_round[0m[2m=[0m7 [3mblocks[0m[2m=[0m1 [3mstake[0m[2m=[0m50000000
[2m2026-03-02T00:00:45.725978Z[0m [32m INFO[0m [2marc_consensus[0m[2m:[0m Block committed via two-round rule [3mround[0m[2m=[0m4 [3mhash[0m[2m=[0m0x859078c45e28ec7657f899a5aa7210949a7bc6ab7532e2bf6822ba73c0b78781
[2m2026-03-02T00:00:45.725988Z[0m [32m INFO[0m [2marc_node::consensus[0m[2m:[0m DAG block committed [3mround[0m[2m=[0m4 [3mhash[0m[2m=[0m0x859078c45e28ec7657f899a5aa7210949a7bc6ab7532e2bf6822ba73c0b78781 [3mtxs[0m[2m=[0m0
[2m2026-03-02T00:00:45.737761Z[0m [32m INFO[0m [2marc_consensus[0m[2m:[0m Advanced to new round [3mold_round[0m[2m=[0m7 [3mnew_round[0m[2m=[0m8 [3mblocks[0m[2m=[0m1 [3mstake[0m[2m=[0m50000000
[2m2026-03-02T00:00:45.737797Z[0m [32m INFO[0m [2marc_consensus[0m[2m:[0m Block committed via two-round rule [3mround[0m[2m=[0m5 [3mhash[0m[2m=[0m0xbc70c256c07270c6630c731b9cc3dda6b8f0d740c8b564062398f28051a3efc4
[2m2026-03-02T00:00:45.737807Z[0m [32m INFO[0m [2marc_node::consensus[0m[2m:[0m DAG block committed [3mround[0m[2m=[0m5 [3mhash[0m[2m=[0m0xbc70c256c07270c6630c731b9cc3dda6b8f0d740c8b564062398f28051a3efc4 [3mtxs[0m[2m=[0m0
[2m2026-03-02T00:00:45.749948Z[0m [32m INFO[0m [2marc_consensus[0m[2m:[0m Advanced to new round [3mold_round[0m[2m=[0m8 [3mnew_round[0m[2m=[0m9 [3mblocks[0m[2m=[0m1 [3mstake[0m[2m=[0m50000000
[2m2026-03-02T00:00:45.749974Z[0m [32m INFO[0m [2marc_consensus[0m[2m:[0m Block committed via two-round rule [3mround[0m[2m=[0m6 [3mhash[0m[2m=[0m0xe631c9ed1a28e05c3d55aad1287e2c9bb17f61fbb60afcc96899ea2c1b25e468
[2m2026-03-02T00:00:45.749993Z[0m [32m INFO[0m [2marc_node::consensus[0m[2m:[0m DAG block committed [3mround[0m[2m=[0m6 [3mhash[0m[2m=[0m0xe631c9ed1a28e05c3d55aad1287e2c9bb17f61fbb60afcc96899ea2c1b25e468 [3mtxs[0m[2m=[0m0
[2m2026-03-02T00:00:45.948106Z[0m [32m INFO[0m [2marc_state[0m[2m:[0m Benchmark timing breakdown [3mtxs[0m[2m=[0m10000 [3msig_verify_ms[0m[2m=[0m143 [3mexecute_ms[0m[2m=[0m3 [3mmerkle_ms[0m[2m=[0m32 [3mstate_root_ms[0m[2m=[0m0 [3mstore_index_ms[0m[2m=[0m6
[2m2026-03-02T00:00:45.948163Z[0m [32m INFO[0m [2marc_node::consensus[0m[2m:[0m Signed benchmark block produced [3mheight[0m[2m=[0m1 [3mtxs[0m[2m=[0m10000 [3melapsed_ms[0m[2m=[0m186 [3mtps[0m[2m=[0m"53632"
[2m2026-03-02T00:00:45.957328Z[0m [32m INFO[0m [2marc_consensus[0m[2m:[0m Advanced to new round [3mold_round[0m[2m=[0m9 [3mnew_round[0m[2m=[0m10 [3mblocks[0m[2m=[0m1 [3mstake[0m[2m=[0m50000000
[2m2026-03-02T00:00:45.957367Z[0m [32m INFO[0m [2marc_consensus[0m[2m:[0m Block committed via two-round rule [3mround[0m[2m=[0m7 [3mhash[0m[2m=[0m0x2176784a1ee463a6d2cc7cd715e4d79f1cd5510c8c48a6a40c5c3e16224c0724
[2m2026-03-02T00:00:45.957376Z[0m [32m INFO[0m [2marc_node::consensus[0m[2m:[0m DAG block committed [3mround[0m[2m=[0m7 [3mhash[0m[2m=[0m0x2176784a1ee463a6d2cc7cd715e4d79f1cd5510c8c48a6a40c5c3e16224c0724 [3mtxs[0m[2m=[0m0
[2m2026-03-02T00:00:46.186283Z[0m [32m INFO[0m [2marc_state[0m[2m:[0m Benchmark timing breakdown [3mtxs[0m[2m=[0m20000 [3msig_verify_ms[0m[2m=[0m185 [3mexecute_ms[0m[2m=[0m6 [3mmerkle_ms[0m[2m=[0m9 [3mstate_root_ms[0m[2m=[0m0 [3mstore_index_ms[0m[2m=[0m14
[2m2026-03-02T00:00:46.186321Z[0m [32m INFO[0m [2marc_node::consensus[0m[2m:[0m Signed benchmark block produced [3mheight[0m[2m=[0m2 [3mtxs[0m[2m=[0m20000 [3melapsed_ms[0m[2m=[0m215 [3mtps[0m[2m=[0m"92596"
[2m2026-03-02T00:00:46.197071Z[0m [32m INFO[0m [2marc_consensus[0m[2m:[0m Advanced to new round [3mold_round[0m[2m=[0m10 [3mnew_round[0m[2m=[0m11 [3mblocks[0m[2m=[0m1 [3mstake[0m[2m=[0m50000000
[2m2026-03-02T00:00:46.197120Z[0m [32m INFO[0m [2marc_consensus[0m[2m:[0m Block committed via two-round rule [3mround[0m[2m=[0m8 [3mhash[0m[2m=[0m0xb5dca1859e2ce7f4b8e88e2d91c8d98b7ff6d0c13c28376c2199a03520af358e
[2m2026-03-02T00:00:46.197130Z[0m [32m INFO[0m [2marc_node::consensus[0m[2m:[0m DAG block committed [3mround[0m[2m=[0m8 [3mhash[0m[2m=[0m0xb5dca1859e2ce7f4b8e88e2d91c8d98b7ff6d0c13c28376c2199a03520af358e [3mtxs[0m[2m=[0m0
[2m2026-03-02T00:00:46.414349Z[0m [32m INFO[0m [2marc_state[0m[2m:[0m Benchmark timing breakdown [3mtxs[0m[2m=[0m20000 [3msig_verify_ms[0m[2m=[0m189 [3mexecute_ms[0m[2m=[0m7 [3mmerkle_ms[0m[2m=[0m1 [3mstate_root_ms[0m[2m=[0m0 [3mstore_index_ms[0m[2m=[0m4
[2m2026-03-02T00:00:46.414394Z[0m [32m INFO[0m [2marc_node::consensus[0m[2m:[0m Signed benchmark block produced [3mheight[0m[2m=[0m3 [3mtxs[0m[2m=[0m20000 [3melapsed_ms[0m[2m=[0m204 [3mtps[0m[2m=[0m"97860"
[2m2026-03-02T00:00:46.418569Z[0m [32m INFO[0m [2marc_consensus[0m[2m:[0m Advanced to new round [3mold_round[0m[2m=[0m11 [3mnew_round[0m[2m=[0m12 [3mblocks[0m[2m=[0m1 [3mstake[0m[2m=[0m50000000
[2m2026-03-02T00:00:46.418609Z[0m [32m INFO[0m [2marc_consensus[0m[2m:[0m Block committed via two-round rule [3mround[0m[2m=[0m9 [3mhash[0m[2m=[0m0x8aa727bdbbd28d9ed8372cb97bfba95a192b6dedc615bcf368b409acccdbfb67
[2m2026-03-02T00:00:46.418618Z[0m [32m INFO[0m [2marc_node::consensus[0m[2m:[0m DAG block committed [3mround[0m[2m=[0m9 [3mhash[0m[2m=[0m0x8aa727bdbbd28d9ed8372cb97bfba95a192b6dedc615bcf368b409acccdbfb67 [3mtxs[0m[2m=[0m0
[2m2026-03-02T00:00:46.939863Z[0m [32m INFO[0m [2marc_state[0m[2m:[0m Benchmark timing breakdown [3mtxs[0m[2m=[0m40000 [3msig_verify_ms[0m[2m=[0m406 [3mexecute_ms[0m[2m=[0m15 [3mmerkle_ms[0m[2m=[0m39 [3mstate_root_ms[0m[2m=[0m0 [3mstore_index_ms[0m[2m=[0m43
[2m2026-03-02T00:00:46.939923Z[0m [32m INFO[0m [2marc_node::consensus[0m[2m:[0m Signed benchmark block produced [3mheight[0m[2m=[0m4 [3mtxs[0m[2m=[0m40000 [3melapsed_ms[0m[2m=[0m505 [3mtps[0m[2m=[0m"79169"
[2m2026-03-02T00:00:46.943302Z[0m [32m INFO[0m [2marc_consensus[0m[2m:[0m Advanced to new round [3mold_round[0m[2m=[0m12 [3mnew_round[0m[2m=[0m13 [3mblocks[0m[2m=[0m1 [3mstake[0m[2m=[0m50000000
[2m2026-03-02T00:00:46.943342Z[0m [32m INFO[0m [2marc_consensus[0m[2m:[0m Block committed via two-round rule [3mround[0m[2m=[0m10 [3mhash[0m[2m=[0m0x3338cd599ded9249f3b652e07e673a12b58b9afd285457ffbb77251b1be5e0d2
[2m2026-03-02T00:00:46.943353Z[0m [32m INFO[0m [2marc_node::consensus[0m[2m:[0m DAG block committed [3mround[0m[2m=[0m10 [3mhash[0m[2m=[0m0x3338cd599ded9249f3b652e07e673a12b58b9afd285457ffbb77251b1be5e0d2 [3mtxs[0m[2m=[0m0
[2m2026-03-02T00:00:47.521774Z[0m [32m INFO[0m [2marc_state[0m[2m:[0m Benchmark timing breakdown [3mtxs[0m[2m=[0m60000 [3msig_verify_ms[0m[2m=[0m496 [3mexecute_ms[0m[2m=[0m15 [3mmerkle_ms[0m[2m=[0m9 [3mstate_root_ms[0m[2m=[0m0 [3mstore_index_ms[0m[2m=[0m41
[2m2026-03-02T00:00:47.521813Z[0m [32m INFO[0m [2marc_node::consensus[0m[2m:[0m Signed benchmark block produced [3mheight[0m[2m=[0m5 [3mtxs[0m[2m=[0m60000 [3melapsed_ms[0m[2m=[0m564 [3mtps[0m[2m=[0m"106368"
[2m2026-03-02T00:00:47.530707Z[0m [32m INFO[0m [2marc_consensus[0m[2m:[0m Advanced to new round [3mold_round[0m[2m=[0m13 [3mnew_round[0m[2m=[0m14 [3mblocks[0m[2m=[0m1 [3mstake[0m[2m=[0m50000000
[2m2026-03-02T00:00:47.530756Z[0m [32m INFO[0m [2marc_consensus[0m[2m:[0m Block committed via two-round rule [3mround[0m[2m=[0m11 [3mhash[0m[2m=[0m0x099a608fee680ea401693fd0e04779d7eb6fea9e3a72597ed649ac0a4a146f5e
[2m2026-03-02T00:00:47.530767Z[0m [32m INFO[0m [2marc_node::consensus[0m[2m:[0m DAG block committed [3mround[0m[2m=[0m11 [3mhash[0m[2m=[0m0x099a608fee680ea401693fd0e04779d7eb6fea9e3a72597ed649ac0a4a146f5e [3mtxs[0m[2m=[0m0
[2m2026-03-02T00:00:48.220192Z[0m [32m INFO[0m [2marc_state[0m[2m:[0m Benchmark timing breakdown [3mtxs[0m[2m=[0m50000 [3msig_verify_ms[0m[2m=[0m644 [3mexecute_ms[0m[2m=[0m12 [3mmerkle_ms[0m[2m=[0m3 [3mstate_root_ms[0m[2m=[0m0 [3mstore_index_ms[0m[2m=[0m12
[2m2026-03-02T00:00:48.220775Z[0m [32m INFO[0m [2marc_node::consensus[0m[2m:[0m Signed benchmark block produced [3mheight[0m[2m=[0m6 [3mtxs[0m[2m=[0m50000 [3melapsed_ms[0m[2m=[0m674 [3mtps[0m[2m=[0m"74163"
[2m2026-03-02T00:00:48.224967Z[0m [32m INFO[0m [2marc_consensus[0m[2m:[0m Advanced to new round [3mold_round[0m[2m=[0m14 [3mnew_round[0m[2m=[0m15 [3mblocks[0m[2m=[0m1 [3mstake[0m[2m=[0m50000000
[2m2026-03-02T00:00:48.224994Z[0m [32m INFO[0m [2marc_consensus[0m[2m:[0m Block committed via two-round rule [3mround[0m[2m=[0m12 [3mhash[0m[2m=[0m0x26786e70af9dcae40b3fc4403f8849080660c6d8a99538c253ace26265a31514
[2m2026-03-02T00:00:48.225000Z[0m [32m INFO[0m [2marc_node::consensus[0m[2m:[0m DAG block committed [3mround[0m[2m=[0m12 [3mhash[0m[2m=[0m0x26786e70af9dcae40b3fc4403f8849080660c6d8a99538c253ace26265a31514 [3mtxs[0m[2m=[0m0
[2m2026-03-02T00:00:49.232588Z[0m [32m INFO[0m [2marc_state[0m[2m:[0m Benchmark timing breakdown [3mtxs[0m[2m=[0m80000 [3msig_verify_ms[0m[2m=[0m920 [3mexecute_ms[0m[2m=[0m16 [3mmerkle_ms[0m[2m=[0m7 [3mstate_root_ms[0m[2m=[0m0 [3mstore_index_ms[0m[2m=[0m47
[2m2026-03-02T00:00:49.232626Z[0m [32m INFO[0m [2marc_node::consensus[0m[2m:[0m Signed benchmark block produced [3mheight[0m[2m=[0m7 [3mtxs[0m[2m=[0m80000 [3melapsed_ms[0m[2m=[0m992 [3mtps[0m[2m=[0m"80576"
[2m2026-03-02T00:00:49.240677Z[0m [32m INFO[0m [2marc_consensus[0m[2m:[0m Advanced to new round [3mold_round[0m[2m=[0m15 [3mnew_round[0m[2m=[0m16 [3mblocks[0m[2m=[0m1 [3mstake[0m[2m=[0m50000000
[2m2026-03-02T00:00:49.240736Z[0m [32m INFO[0m [2marc_consensus[0m[2m:[0m Block committed via two-round rule [3mround[0m[2m=[0m13 [3mhash[0m[2m=[0m0xbb52739f9ae2c726343de16b5cecae067a702ab4bbb01236df3581706645a81c
[2m2026-03-02T00:00:49.240745Z[0m [32m INFO[0m [2marc_node::consensus[0m[2m:[0m DAG block committed [3mround[0m[2m=[0m13 [3mhash[0m[2m=[0m0xbb52739f9ae2c726343de16b5cecae067a702ab4bbb01236df3581706645a81c [3mtxs[0m[2m=[0m0
[2m2026-03-02T00:00:50.438676Z[0m [32m INFO[0m [2marc_state[0m[2m:[0m Benchmark timing breakdown [3mtxs[0m[2m=[0m100000 [3msig_verify_ms[0m[2m=[0m1108 [3mexecute_ms[0m[2m=[0m19 [3mmerkle_ms[0m[2m=[0m15 [3mstate_root_ms[0m[2m=[0m0 [3mstore_index_ms[0m[2m=[0m38
[2m2026-03-02T00:00:50.438724Z[0m [32m INFO[0m [2marc_node::consensus[0m[2m:[0m Signed benchmark block produced [3mheight[0m[2m=[0m8 [3mtxs[0m[2m=[0m100000 [3melapsed_ms[0m[2m=[0m1181 [3mtps[0m[2m=[0m"84622"
[2m2026-03-02T00:00:50.447720Z[0m [32m INFO[0m [2marc_consensus[0m[2m:[0m Advanced to new round [3mold_round[0m[2m=[0m16 [3mnew_round[0m[2m=[0m17 [3mblocks[0m[2m=[0m1 [3mstake[0m[2m=[0m50000000
[2m2026-03-02T00:00:50.447767Z[0m [32m INFO[0m [2marc_consensus[0m[2m:[0m Block committed via two-round rule [3mround[0m[2m=[0m14 [3mhash[0m[2m=[0m0x75862a1a71c5dd4a89deb37fab7e00adb94238f9aef4c851acee6cac03b93ca2
[2m2026-03-02T00:00:50.447776Z[0m [32m INFO[0m [2marc_node::consensus[0m[2m:[0m DAG block committed [3mround[0m[2m=[0m14 [3mhash[0m[2m=[0m0x75862a1a71c5dd4a89deb37fab7e00adb94238f9aef4c851acee6cac03b93ca2 [3mtxs[0m[2m=[0m0
[2m2026-03-02T00:00:51.796339Z[0m [32m INFO[0m [2marc_state[0m[2m:[0m Benchmark timing breakdown [3mtxs[0m[2m=[0m120000 [3msig_verify_ms[0m[2m=[0m1206 [3mexecute_ms[0m[2m=[0m18 [3mmerkle_ms[0m[2m=[0m17 [3mstate_root_ms[0m[2m=[0m0 [3mstore_index_ms[0m[2m=[0m89
[2m2026-03-02T00:00:51.796433Z[0m [32m INFO[0m [2marc_node::consensus[0m[2m:[0m Signed benchmark block produced [3mheight[0m[2m=[0m9 [3mtxs[0m[2m=[0m120000 [3melapsed_ms[0m[2m=[0m1332 [3mtps[0m[2m=[0m"90077"
[2m2026-03-02T00:00:51.804115Z[0m [32m INFO[0m [2marc_consensus[0m[2m:[0m Advanced to new round [3mold_round[0m[2m=[0m17 [3mnew_round[0m[2m=[0m18 [3mblocks[0m[2m=[0m1 [3mstake[0m[2m=[0m50000000
[2m2026-03-02T00:00:51.804152Z[0m [32m INFO[0m [2marc_consensus[0m[2m:[0m Block committed via two-round rule [3mround[0m[2m=[0m15 [3mhash[0m[2m=[0m0x54247ddbba9c7284733d37f131f68ddf2390971657d47020bdf766a4a2186fdc
[2m2026-03-02T00:00:51.804162Z[0m [32m INFO[0m [2marc_node::consensus[0m[2m:[0m DAG block committed [3mround[0m[2m=[0m15 [3mhash[0m[2m=[0m0x54247ddbba9c7284733d37f131f68ddf2390971657d47020bdf766a4a2186fdc [3mtxs[0m[2m=[0m0
[2m2026-03-02T00:00:53.592220Z[0m [32m INFO[0m [2marc_state[0m[2m:[0m Benchmark timing breakdown [3mtxs[0m[2m=[0m150000 [3msig_verify_ms[0m[2m=[0m1626 [3mexecute_ms[0m[2m=[0m38 [3mmerkle_ms[0m[2m=[0m22 [3mstate_root_ms[0m[2m=[0m0 [3mstore_index_ms[0m[2m=[0m83
[2m2026-03-02T00:00:53.592251Z[0m [32m INFO[0m [2marc_node::consensus[0m[2m:[0m Signed benchmark block produced [3mheight[0m[2m=[0m10 [3mtxs[0m[2m=[0m150000 [3melapsed_ms[0m[2m=[0m1770 [3mtps[0m[2m=[0m"84718"
[2m2026-03-02T00:00:53.612254Z[0m [32m INFO[0m [2marc_consensus[0m[2m:[0m Advanced to new round [3mold_round[0m[2m=[0m18 [3mnew_round[0m[2m=[0m19 [3mblocks[0m[2m=[0m1 [3mstake[0m[2m=[0m50000000
[2m2026-03-02T00:00:53.612295Z[0m [32m INFO[0m [2marc_consensus[0m[2m:[0m Block committed via two-round rule [3mround[0m[2m=[0m16 [3mhash[0m[2m=[0m0xba3cb792faeb5bea446a8bf748eade95d2bfff5967fa50890d0cbac5c0dee58e
[2m2026-03-02T00:00:53.612306Z[0m [32m INFO[0m [2marc_node::consensus[0m[2m:[0m DAG block committed [3mround[0m[2m=[0m16 [3mhash[0m[2m=[0m0xba3cb792faeb5bea446a8bf748eade95d2bfff5967fa50890d0cbac5c0dee58e [3mtxs[0m[2m=[0m0
[2m2026-03-02T00:00:56.009608Z[0m [32m INFO[0m [2marc_state[0m[2m:[0m Benchmark timing breakdown [3mtxs[0m[2m=[0m220000 [3msig_verify_ms[0m[2m=[0m2188 [3mexecute_ms[0m[2m=[0m54 [3mmerkle_ms[0m[2m=[0m78 [3mstate_root_ms[0m[2m=[0m0 [3mstore_index_ms[0m[2m=[0m56
[2m2026-03-02T00:00:56.009656Z[0m [32m INFO[0m [2marc_node::consensus[0m[2m:[0m Signed benchmark block produced [3mheight[0m[2m=[0m11 [3mtxs[0m[2m=[0m220000 [3melapsed_ms[0m[2m=[0m2377 [3mtps[0m[2m=[0m"92518"
[2m2026-03-02T00:00:56.023006Z[0m [32m INFO[0m [2marc_consensus[0m[2m:[0m Advanced to new round [3mold_round[0m[2m=[0m19 [3mnew_round[0m[2m=[0m20 [3mblocks[0m[2m=[0m1 [3mstake[0m[2m=[0m50000000
[2m2026-03-02T00:00:56.023044Z[0m [32m INFO[0m [2marc_consensus[0m[2m:[0m Block committed via two-round rule [3mround[0m[2m=[0m17 [3mhash[0m[2m=[0m0x40512561b7d63b23202ce386b1b5ca3db49718ff5b94a7f41c33535142ce5398
[2m2026-03-02T00:00:56.023049Z[0m [32m INFO[0m [2marc_node::consensus[0m[2m:[0m DAG block committed [3mround[0m[2m=[0m17 [3mhash[0m[2m=[0m0x40512561b7d63b23202ce386b1b5ca3db49718ff5b94a7f41c33535142ce5398 [3mtxs[0m[2m=[0m0
[2m2026-03-02T00:00:59.300157Z[0m [32m INFO[0m [2marc_state[0m[2m:[0m Benchmark timing breakdown [3mtxs[0m[2m=[0m260000 [3msig_verify_ms[0m[2m=[0m2916 [3mexecute_ms[0m[2m=[0m45 [3mmerkle_ms[0m[2m=[0m31 [3mstate_root_ms[0m[2m=[0m0 [3mstore_index_ms[0m[2m=[0m262
[2m2026-03-02T00:00:59.300328Z[0m [32m INFO[0m [2marc_node::consensus[0m[2m:[0m Signed benchmark block produced [3mheight[0m[2m=[0m12 [3mtxs[0m[2m=[0m260000 [3melapsed_ms[0m[2m=[0m3256 [3mtps[0m[2m=[0m"79850"
[2m2026-03-02T00:00:59.317665Z[0m [32m INFO[0m [2marc_consensus[0m[2m:[0m Advanced to new round [3mold_round[0m[2m=[0m20 [3mnew_round[0m[2m=[0m21 [3mblocks[0m[2m=[0m1 [3mstake[0m[2m=[0m50000000
[2m2026-03-02T00:00:59.317715Z[0m [32m INFO[0m [2marc_consensus[0m[2m:[0m Block committed via two-round rule [3mround[0m[2m=[0m18 [3mhash[0m[2m=[0m0x365adc9570b68cf703c2061e5ed086b72583d797074b675efc9767613ab28dfa
[2m2026-03-02T00:00:59.317725Z[0m [32m INFO[0m [2marc_node::consensus[0m[2m:[0m DAG block committed [3mround[0m[2m=[0m18 [3mhash[0m[2m=[0m0x365adc9570b68cf703c2061e5ed086b72583d797074b675efc9767613ab28dfa [3mtxs[0m[2m=[0m0
[2m2026-03-02T00:01:03.771874Z[0m [32m INFO[0m [2marc_state[0m[2m:[0m Benchmark timing breakdown [3mtxs[0m[2m=[0m370000 [3msig_verify_ms[0m[2m=[0m4141 [3mexecute_ms[0m[2m=[0m61 [3mmerkle_ms[0m[2m=[0m54 [3mstate_root_ms[0m[2m=[0m0 [3mstore_index_ms[0m[2m=[0m164
[2m2026-03-02T00:01:03.771925Z[0m [32m INFO[0m [2marc_node::consensus[0m[2m:[0m Signed benchmark block produced [3mheight[0m[2m=[0m13 [3mtxs[0m[2m=[0m370000 [3melapsed_ms[0m[2m=[0m4422 [3mtps[0m[2m=[0m"83654"
[2m2026-03-02T00:01:03.796406Z[0m [32m INFO[0m [2marc_consensus[0m[2m:[0m Advanced to new round [3mold_round[0m[2m=[0m21 [3mnew_round[0m[2m=[0m22 [3mblocks[0m[2m=[0m1 [3mstake[0m[2m=[0m50000000
[2m2026-03-02T00:01:03.796461Z[0m [32m INFO[0m [2marc_consensus[0m[2m:[0m Block committed via two-round rule [3mround[0m[2m=[0m19 [3mhash[0m[2m=[0m0x35a35e7d74f8383f2921af2e7fc31fd92697997e0a4f910fe0a8c48e52fd6a3a
[2m2026-03-02T00:01:03.796474Z[0m [32m INFO[0m [2marc_node::consensus[0m[2m:[0m DAG block committed [3mround[0m[2m=[0m19 [3mhash[0m[2m=[0m0x35a35e7d74f8383f2921af2e7fc31fd92697997e0a4f910fe0a8c48e52fd6a3a [3mtxs[0m[2m=[0m0
[2m2026-03-02T00:01:10.583821Z[0m [32m INFO[0m [2marc_state[0m[2m:[0m Benchmark timing breakdown [3mtxs[0m[2m=[0m480000 [3msig_verify_ms[0m[2m=[0m5743 [3mexecute_ms[0m[2m=[0m86 [3mmerkle_ms[0m[2m=[0m67 [3mstate_root_ms[0m[2m=[0m1 [3mstore_index_ms[0m[2m=[0m860
[2m2026-03-02T00:01:10.583914Z[0m [32m INFO[0m [2marc_node::consensus[0m[2m:[0m Signed benchmark block produced [3mheight[0m[2m=[0m14 [3mtxs[0m[2m=[0m480000 [3melapsed_ms[0m[2m=[0m6758 [3mtps[0m[2m=[0m"71020"
[2m2026-03-02T00:01:10.706616Z[0m [32m INFO[0m [2marc_consensus[0m[2m:[0m Advanced to new round [3mold_round[0m[2m=[0m22 [3mnew_round[0m[2m=[0m23 [3mblocks[0m[2m=[0m1 [3mstake[0m[2m=[0m50000000
[2m2026-03-02T00:01:10.706687Z[0m [32m INFO[0m [2marc_consensus[0m[2m:[0m Block committed via two-round rule [3mround[0m[2m=[0m20 [3mhash[0m[2m=[0m0x069eecb3fceee6a91d9992faa918af832400d665ae7de876cf475bd68d122062
[2m2026-03-02T00:01:10.706701Z[0m [32m INFO[0m [2marc_node::consensus[0m[2m:[0m DAG block committed [3mround[0m[2m=[0m20 [3mhash[0m[2m=[0m0x069eecb3fceee6a91d9992faa918af832400d665ae7de876cf475bd68d122062 [3mtxs[0m[2m=[0m0
[2m2026-03-02T00:01:18.182962Z[0m [32m INFO[0m [2marc_state[0m[2m:[0m Benchmark timing breakdown [3mtxs[0m[2m=[0m660000 [3msig_verify_ms[0m[2m=[0m6959 [3mexecute_ms[0m[2m=[0m97 [3mmerkle_ms[0m[2m=[0m32 [3mstate_root_ms[0m[2m=[0m0 [3mstore_index_ms[0m[2m=[0m229
[2m2026-03-02T00:01:18.183016Z[0m [32m INFO[0m [2marc_node::consensus[0m[2m:[0m Signed benchmark block produced [3mheight[0m[2m=[0m15 [3mtxs[0m[2m=[0m660000 [3melapsed_ms[0m[2m=[0m7319 [3mtps[0m[2m=[0m"90169"
[2m2026-03-02T00:01:18.222247Z[0m [32m INFO[0m [2marc_consensus[0m[2m:[0m Advanced to new round [3mold_round[0m[2m=[0m23 [3mnew_round[0m[2m=[0m24 [3mblocks[0m[2m=[0m1 [3mstake[0m[2m=[0m50000000
[2m2026-03-02T00:01:18.222283Z[0m [32m INFO[0m [2marc_consensus[0m[2m:[0m Block committed via two-round rule [3mround[0m[2m=[0m21 [3mhash[0m[2m=[0m0xbcf4606ff54953681d8eebca0efc595052a2c66189ffe5c32ed6e1eefa56807a
[2m2026-03-02T00:01:18.222288Z[0m [32m INFO[0m [2marc_node::consensus[0m[2m:[0m DAG block committed [3mround[0m[2m=[0m21 [3mhash[0m[2m=[0m0xbcf4606ff54953681d8eebca0efc595052a2c66189ffe5c32ed6e1eefa56807a [3mtxs[0m[2m=[0m0
[2m2026-03-02T00:01:25.460440Z[0m [32m INFO[0m [2marc_state[0m[2m:[0m Benchmark timing breakdown [3mtxs[0m[2m=[0m660000 [3msig_verify_ms[0m[2m=[0m6841 [3mexecute_ms[0m[2m=[0m97 [3mmerkle_ms[0m[2m=[0m31 [3mstate_root_ms[0m[2m=[0m0 [3mstore_index_ms[0m[2m=[0m212
[2m2026-03-02T00:01:25.460490Z[0m [32m INFO[0m [2marc_node::consensus[0m[2m:[0m Signed benchmark block produced [3mheight[0m[2m=[0m16 [3mtxs[0m[2m=[0m660000 [3melapsed_ms[0m[2m=[0m7182 [3mtps[0m[2m=[0m"91889"
[2m2026-03-02T00:01:25.513409Z[0m [32m INFO[0m [2marc_consensus[0m[2m:[0m Advanced to new round [3mold_round[0m[2m=[0m24 [3mnew_round[0m[2m=[0m25 [3mblocks[0m[2m=[0m1 [3mstake[0m[2m=[0m50000000
[2m2026-03-02T00:01:25.513463Z[0m [32m INFO[0m [2marc_consensus[0m[2m:[0m Block committed via two-round rule [3mround[0m[2m=[0m22 [3mhash[0m[2m=[0m0xc051b265b36641ce830e4e459c31fa268cde2e6d5e086345c5bc4ac8cb7f3215
[2m2026-03-02T00:01:25.513476Z[0m [32m INFO[0m [2marc_node::consensus[0m[2m:[0m DAG block committed [3mround[0m[2m=[0m22 [3mhash[0m[2m=[0m0xc051b265b36641ce830e4e459c31fa268cde2e6d5e086345c5bc4ac8cb7f3215 [3mtxs[0m[2m=[0m0
[2m2026-03-02T00:01:38.134158Z[0m [32m INFO[0m [2marc_state[0m[2m:[0m Benchmark timing breakdown [3mtxs[0m[2m=[0m660000 [3msig_verify_ms[0m[2m=[0m6942 [3mexecute_ms[0m[2m=[0m93 [3mmerkle_ms[0m[2m=[0m60 [3mstate_root_ms[0m[2m=[0m0 [3mstore_index_ms[0m[2m=[0m5483
[2m2026-03-02T00:01:38.134324Z[0m [32m INFO[0m [2marc_node::consensus[0m[2m:[0m Signed benchmark block produced [3mheight[0m[2m=[0m17 [3mtxs[0m[2m=[0m660000 [3melapsed_ms[0m[2m=[0m12579 [3mtps[0m[2m=[0m"52465"
[2m2026-03-02T00:01:38.222968Z[0m [32m INFO[0m [2marc_consensus[0m[2m:[0m Advanced to new round [3mold_round[0m[2m=[0m25 [3mnew_round[0m[2m=[0m26 [3mblocks[0m[2m=[0m1 [3mstake[0m[2m=[0m50000000
[2m2026-03-02T00:01:38.223051Z[0m [32m INFO[0m [2marc_consensus[0m[2m:[0m Block committed via two-round rule [3mround[0m[2m=[0m23 [3mhash[0m[2m=[0m0x83a15311de05f3f23ca9412084f1a05984b70b6b2d7b0f37b305515d2f5e9784
[2m2026-03-02T00:01:38.223088Z[0m [32m INFO[0m [2marc_node::consensus[0m[2m:[0m DAG block committed [3mround[0m[2m=[0m23 [3mhash[0m[2m=[0m0x83a15311de05f3f23ca9412084f1a05984b70b6b2d7b0f37b305515d2f5e9784 [3mtxs[0m[2m=[0m0
[2m2026-03-02T00:01:53.702238Z[0m [32m INFO[0m [2marc_state[0m[2m:[0m Benchmark timing breakdown [3mtxs[0m[2m=[0m660000 [3msig_verify_ms[0m[2m=[0m7260 [3mexecute_ms[0m[2m=[0m139 [3mmerkle_ms[0m[2m=[0m48 [3mstate_root_ms[0m[2m=[0m0 [3mstore_index_ms[0m[2m=[0m7875
[2m2026-03-02T00:01:53.702340Z[0m [32m INFO[0m [2marc_node::consensus[0m[2m:[0m Signed benchmark block produced [3mheight[0m[2m=[0m18 [3mtxs[0m[2m=[0m660000 [3melapsed_ms[0m[2m=[0m15324 [3mtps[0m[2m=[0m"43068"
[2m2026-03-02T00:01:53.859125Z[0m [32m INFO[0m [2marc_consensus[0m[2m:[0m Advanced to new round [3mold_round[0m[2m=[0m26 [3mnew_round[0m[2m=[0m27 [3mblocks[0m[2m=[0m1 [3mstake[0m[2m=[0m50000000
[2m2026-03-02T00:01:53.859192Z[0m [32m INFO[0m [2marc_consensus[0m[2m:[0m Block committed via two-round rule [3mround[0m[2m=[0m24 [3mhash[0m[2m=[0m0x9c41e6fc70700b04b2f04156a968d5d5aadafc2524a02b19a2648c747bfb4f2d
[2m2026-03-02T00:01:53.859211Z[0m [32m INFO[0m [2marc_node::consensus[0m[2m:[0m DAG block committed [3mround[0m[2m=[0m24 [3mhash[0m[2m=[0m0x9c41e6fc70700b04b2f04156a968d5d5aadafc2524a02b19a2648c747bfb4f2d [3mtxs[0m[2m=[0m0
[2m2026-03-02T00:02:10.604872Z[0m [32m INFO[0m [2marc_state[0m[2m:[0m Benchmark timing breakdown [3mtxs[0m[2m=[0m660000 [3msig_verify_ms[0m[2m=[0m7309 [3mexecute_ms[0m[2m=[0m112 [3mmerkle_ms[0m[2m=[0m38 [3mstate_root_ms[0m[2m=[0m0 [3mstore_index_ms[0m[2m=[0m9114
[2m2026-03-02T00:02:10.605083Z[0m [32m INFO[0m [2marc_node::consensus[0m[2m:[0m Signed benchmark block produced [3mheight[0m[2m=[0m19 [3mtxs[0m[2m=[0m660000 [3melapsed_ms[0m[2m=[0m16575 [3mtps[0m[2m=[0m"39817"
[2m2026-03-02T00:02:11.109397Z[0m [32m INFO[0m [2marc_consensus[0m[2m:[0m Advanced to new round [3mold_round[0m[2m=[0m27 [3mnew_round[0m[2m=[0m28 [3mblocks[0m[2m=[0m1 [3mstake[0m[2m=[0m50000000
[2m2026-03-02T00:02:11.109457Z[0m [32m INFO[0m [2marc_consensus[0m[2m:[0m Block committed via two-round rule [3mround[0m[2m=[0m25 [3mhash[0m[2m=[0m0x0ccdb8b1baf7ebdf3d3a24326067a60b0717fd2388a85fb9e521146f82f65916
[2m2026-03-02T00:02:11.109467Z[0m [32m INFO[0m [2marc_node::consensus[0m[2m:[0m DAG block committed [3mround[0m[2m=[0m25 [3mhash[0m[2m=[0m0x0ccdb8b1baf7ebdf3d3a24326067a60b0717fd2388a85fb9e521146f82f65916 [3mtxs[0m[2m=[0m0
[2m2026-03-02T00:02:34.996707Z[0m [32m INFO[0m [2marc_state[0m[2m:[0m Benchmark timing breakdown [3mtxs[0m[2m=[0m700000 [3msig_verify_ms[0m[2m=[0m7680 [3mexecute_ms[0m[2m=[0m119 [3mmerkle_ms[0m[2m=[0m36 [3mstate_root_ms[0m[2m=[0m0 [3mstore_index_ms[0m[2m=[0m15584
[2m2026-03-02T00:02:34.996810Z[0m [32m INFO[0m [2marc_node::consensus[0m[2m:[0m Signed benchmark block produced [3mheight[0m[2m=[0m20 [3mtxs[0m[2m=[0m700000 [3melapsed_ms[0m[2m=[0m23421 [3mtps[0m[2m=[0m"29887"
[2m2026-03-02T00:02:35.364374Z[0m [32m INFO[0m [2marc_consensus[0m[2m:[0m Advanced to new round [3mold_round[0m[2m=[0m28 [3mnew_round[0m[2m=[0m29 [3mblocks[0m[2m=[0m1 [3mstake[0m[2m=[0m50000000
[2m2026-03-02T00:02:35.364428Z[0m [32m INFO[0m [2marc_consensus[0m[2m:[0m Block committed via two-round rule [3mround[0m[2m=[0m26 [3mhash[0m[2m=[0m0x6d4b85460fb4743975cf55b6f19e376cbf5eee618bba0b285361d4f847ac3db2
[2m2026-03-02T00:02:35.364442Z[0m [32m INFO[0m [2marc_node::consensus[0m[2m:[0m DAG block committed [3mround[0m[2m=[0m26 [3mhash[0m[2m=[0m0x6d4b85460fb4743975cf55b6f19e376cbf5eee618bba0b285361d4f847ac3db2 [3mtxs[0m[2m=[0m0
